<?xml version="1.0" encoding="UTF-8"?>
<testsuite xmlns:xsi="http://www.w3.org/2001/XMLSchema-instance" xsi:noNamespaceSchemaLocation="https://maven.apache.org/surefire/maven-surefire-plugin/xsd/surefire-test-report.xsd" version="3.0.2" name="com.ontherocks.cocktail.CocktailApplicationTests" time="3.998" tests="1" errors="0" skipped="0" failures="0">
  <properties>
[...]
</properties>
  <testcase name="contextLoads" classname="com.ontherocks.cocktail.CocktailApplicationTests" time="0.852">
    <system-out><![CDATA[17:36:28.272 [main] INFO org.springframework.test.context.support.AnnotationConfigContextLoaderUtils -- Could not detect default configuration classes for test class [com.ontherocks.cocktail.CocktailApplicationTests]: CocktailApplicationTests does not declare any static, non-private, non-final, nested classes annotated with @Configuration.
17:36:28.384 [main] INFO org.springframework.boot.test.context.SpringBootTestContextBootstrapper -- Found @SpringBootConfiguration com.ontherocks.cocktail.CocktailApplication for test class com.ontherocks.cocktail.CocktailApplicationTests
17:36:28.602 [main] INFO org.springframework.boot.devtools.restart.RestartApplicationListener -- Restart disabled due to context in which it is running

  .   ____          _            __ _ _
 /\\ / ___'_ __ _ _(_)_ __  __ _ \ \ \ \
( ( )\___ | '_ | '_| | '_ \/ _` | \ \ \ \
 \\/  ___)| |_)| | | | | || (_| |  ) ) ) )
  '  |____| .__|_| |_|_| |_\__, | / / / /
 =========|_|==============|___/=/_/_/_/

 :: Spring Boot ::                (v3.4.2)

17:36:28.933 &amp#27;[34mINFO &amp#27;[0;39m &amp#27;[35m792 &amp#27;[0;39m --- [ main ] &amp#27;[36mc.o.cocktail.CocktailApplicationTests&amp#27;[0;39m : Starting CocktailApplicationTests using Java 17.0.13 with PID 13664 (started by user in C:\Users\user\Documents\GitHub\ontherocks)
17:36:28.936 &amp#27;[34mINFO &amp#27;[0;39m &amp#27;[35m795 &amp#27;[0;39m --- [ main ] &amp#27;[36mc.o.cocktail.CocktailApplicationTests&amp#27;[0;39m : No active profile set, falling back to 1 default profile: "default"
17:36:28.936 &amp#27;[39mDEBUG&amp#27;[0;39m &amp#27;[35m795 &amp#27;[0;39m --- [ main ] &amp#27;[36mo.springframework.boot.SpringApplication&amp#27;[0;39m : Loading source class com.ontherocks.cocktail.CocktailApplication
17:36:28.969 &amp#27;[39mDEBUG&amp#27;[0;39m &amp#27;[35m828 &amp#27;[0;39m --- [ main ] &amp#27;[36mo.s.w.c.s.GenericWebApplicationContext&amp#27;[0;39m : Refreshing org.springframework.web.context.support.GenericWebApplicationContext@41477a6d
17:36:28.987 &amp#27;[39mDEBUG&amp#27;[0;39m &amp#27;[35m846 &amp#27;[0;39m --- [ main ] &amp#27;[36mo.s.b.f.s.DefaultListableBeanFactory&amp#27;[0;39m : Creating shared instance of singleton bean 'org.springframework.context.annotation.internalConfigurationAnnotationProcessor'
17:36:29.004 &amp#27;[39mDEBUG&amp#27;[0;39m &amp#27;[35m863 &amp#27;[0;39m --- [ main ] &amp#27;[36mo.s.b.f.s.DefaultListableBeanFactory&amp#27;[0;39m : Creating shared instance of singleton bean 'org.springframework.boot.autoconfigure.internalCachingMetadataReaderFactory'
17:36:29.516 &amp#27;[39mDEBUG&amp#27;[0;39m &amp#27;[35m1375&amp#27;[0;39m --- [ main ] &amp#27;[36mo.s.b.f.s.DefaultListableBeanFactory&amp#27;[0;39m : Creating shared instance of singleton bean 'org.springframework.boot.autoconfigure.AutoConfigurationPackages'
17:36:29.523 &amp#27;[39mDEBUG&amp#27;[0;39m &amp#27;[35m1382&amp#27;[0;39m --- [ main ] &amp#27;[36mo.s.b.a.AutoConfigurationPackages&amp#27;[0;39m : @EnableAutoConfiguration was declared on a class in the package 'com.ontherocks.cocktail'. Automatic @Repository and @Entity scanning is enabled.
17:36:29.668 &amp#27;[39mDEBUG&amp#27;[0;39m &amp#27;[35m1527&amp#27;[0;39m --- [ main ] &amp#27;[36mo.s.b.f.s.DefaultListableBeanFactory&amp#27;[0;39m : Creating shared instance of singleton bean 'org.mybatis.spring.mapper.MapperScannerConfigurer'
17:36:29.670 &amp#27;[39mDEBUG&amp#27;[0;39m &amp#27;[35m1529&amp#27;[0;39m --- [ main ] &amp#27;[36mo.s.b.f.s.DefaultListableBeanFactory&amp#27;[0;39m : Creating shared instance of singleton bean 'springSecurityHandlerMappingIntrospectorBeanDefinitionRegistryPostProcessor'
17:36:29.671 &amp#27;[39mDEBUG&amp#27;[0;39m &amp#27;[35m1530&amp#27;[0;39m --- [ main ] &amp#27;[36mo.s.b.f.s.DefaultListableBeanFactory&amp#27;[0;39m : Creating shared instance of singleton bean 'propertySourcesPlaceholderConfigurer'
17:36:29.684 &amp#27;[31mWARN &amp#27;[0;39m &amp#27;[35m1543&amp#27;[0;39m --- [ main ] &amp#27;[36mo.m.spring.mapper.ClassPathMapperScanner&amp#27;[0;39m : No MyBatis mapper was found in '[com.ontherocks.cocktail]' package. Please check your configuration.
17:36:29.766 &amp#27;[39mDEBUG&amp#27;[0;39m &amp#27;[35m1625&amp#27;[0;39m --- [ main ] &amp#27;[36mo.s.b.f.s.DefaultListableBeanFactory&amp#27;[0;39m : Creating shared instance of singleton bean 'org.springframework.boot.test.mock.mockito.MockitoPostProcessor'
17:36:29.768 &amp#27;[39mDEBUG&amp#27;[0;39m &amp#27;[35m1627&amp#27;[0;39m --- [ main ] &amp#27;[36mo.s.b.f.s.DefaultListableBeanFactory&amp#27;[0;39m : Creating shared instance of singleton bean 'org.springframework.boot.sql.init.dependency.DatabaseInitializationDependencyConfigurer$DependsOnDatabaseInitializationPostProcessor'
17:36:29.817 &amp#27;[39mDEBUG&amp#27;[0;39m &amp#27;[35m1676&amp#27;[0;39m --- [ main ] &amp#27;[36mo.s.b.f.s.DefaultListableBeanFactory&amp#27;[0;39m : Creating shared instance of singleton bean 'org.springframework.context.event.internalEventListenerProcessor'
17:36:29.818 &amp#27;[39mDEBUG&amp#27;[0;39m &amp#27;[35m1677&amp#27;[0;39m --- [ main ] &amp#27;[36mo.s.b.f.s.DefaultListableBeanFactory&amp#27;[0;39m : Creating shared instance of singleton bean 'preserveErrorControllerTargetClassPostProcessor'
17:36:29.819 &amp#27;[39mDEBUG&amp#27;[0;39m &amp#27;[35m1678&amp#27;[0;39m --- [ main ] &amp#27;[36mo.s.b.f.s.DefaultListableBeanFactory&amp#27;[0;39m : Creating shared instance of singleton bean 'forceAutoProxyCreatorToUseClassProxying'
17:36:29.819 &amp#27;[39mDEBUG&amp#27;[0;39m &amp#27;[35m1678&amp#27;[0;39m --- [ main ] &amp#27;[36mo.s.b.f.s.DefaultListableBeanFactory&amp#27;[0;39m : Creating shared instance of singleton bean 'conversionServicePostProcessor'
17:36:29.828 &amp#27;[39mDEBUG&amp#27;[0;39m &amp#27;[35m1687&amp#27;[0;39m --- [ main ] &amp#27;[36mo.s.b.f.s.DefaultListableBeanFactory&amp#27;[0;39m : Creating shared instance of singleton bean 'org.springframework.context.event.internalEventListenerFactory'
17:36:29.829 &amp#27;[39mDEBUG&amp#27;[0;39m &amp#27;[35m1688&amp#27;[0;39m --- [ main ] &amp#27;[36mo.s.b.f.s.DefaultListableBeanFactory&amp#27;[0;39m : Creating shared instance of singleton bean 'org.springframework.transaction.config.internalTransactionalEventListenerFactory'
17:36:29.832 &amp#27;[39mDEBUG&amp#27;[0;39m &amp#27;[35m1691&amp#27;[0;39m --- [ main ] &amp#27;[36mo.s.b.f.s.DefaultListableBeanFactory&amp#27;[0;39m : Creating shared instance of singleton bean 'org.springframework.boot.test.mock.mockito.MockitoPostProcessor$SpyPostProcessor'
17:36:29.833 &amp#27;[39mDEBUG&amp#27;[0;39m &amp#27;[35m1692&amp#27;[0;39m --- [ main ] &amp#27;[36mo.s.b.f.s.DefaultListableBeanFactory&amp#27;[0;39m : Creating shared instance of singleton bean 'org.springframework.context.annotation.internalAutowiredAnnotationProcessor'
17:36:29.836 &amp#27;[39mDEBUG&amp#27;[0;39m &amp#27;[35m1695&amp#27;[0;39m --- [ main ] &amp#27;[36mo.s.b.f.s.DefaultListableBeanFactory&amp#27;[0;39m : Creating shared instance of singleton bean 'org.springframework.context.annotation.internalCommonAnnotationProcessor'
17:36:29.841 &amp#27;[39mDEBUG&amp#27;[0;39m &amp#27;[35m1700&amp#27;[0;39m --- [ main ] &amp#27;[36mo.s.b.f.s.DefaultListableBeanFactory&amp#27;[0;39m : Creating shared instance of singleton bean 'org.springframework.boot.context.properties.ConfigurationPropertiesBindingPostProcessor'
17:36:29.841 &amp#27;[39mDEBUG&amp#27;[0;39m &amp#27;[35m1700&amp#27;[0;39m --- [ main ] &amp#27;[36mo.s.b.f.s.DefaultListableBeanFactory&amp#27;[0;39m : Creating shared instance of singleton bean 'org.springframework.boot.context.internalConfigurationPropertiesBinder'
17:36:29.844 &amp#27;[39mDEBUG&amp#27;[0;39m &amp#27;[35m1703&amp#27;[0;39m --- [ main ] &amp#27;[36mo.s.b.f.s.DefaultListableBeanFactory&amp#27;[0;39m : Creating shared instance of singleton bean 'jdbcConnectionDetailsHikariBeanPostProcessor'
17:36:29.846 &amp#27;[39mDEBUG&amp#27;[0;39m &amp#27;[35m1705&amp#27;[0;39m --- [ main ] &amp#27;[36mo.s.b.f.s.DefaultListableBeanFactory&amp#27;[0;39m : Creating shared instance of singleton bean 'persistenceExceptionTranslationPostProcessor'
17:36:29.848 &amp#27;[39mDEBUG&amp#27;[0;39m &amp#27;[35m1707&amp#27;[0;39m --- [ main ] &amp#27;[36mo.s.b.f.s.DefaultListableBeanFactory&amp#27;[0;39m : Autowiring by type from bean name 'persistenceExceptionTranslationPostProcessor' via factory method to bean named 'environment'
17:36:29.855 &amp#27;[39mDEBUG&amp#27;[0;39m &amp#27;[35m1714&amp#27;[0;39m --- [ main ] &amp#27;[36mo.s.b.f.s.DefaultListableBeanFactory&amp#27;[0;39m : Creating shared instance of singleton bean 'org.springframework.aop.config.internalAutoProxyCreator'
17:36:29.860 &amp#27;[39mDEBUG&amp#27;[0;39m &amp#27;[35m1719&amp#27;[0;39m --- [ main ] &amp#27;[36mo.s.b.f.s.DefaultListableBeanFactory&amp#27;[0;39m : Creating shared instance of singleton bean 'webServerFactoryCustomizerBeanPostProcessor'
17:36:29.861 &amp#27;[39mDEBUG&amp#27;[0;39m &amp#27;[35m1720&amp#27;[0;39m --- [ main ] &amp#27;[36mo.s.b.f.s.DefaultListableBeanFactory&amp#27;[0;39m : Creating shared instance of singleton bean 'errorPageRegistrarBeanPostProcessor'
17:36:29.864 &amp#27;[39mDEBUG&amp#27;[0;39m &amp#27;[35m1723&amp#27;[0;39m --- [ main ] &amp#27;[36mo.s.u.c.s.UiApplicationContextUtils&amp#27;[0;39m : Unable to locate ThemeSource with name 'themeSource': using default [org.springframework.ui.context.support.ResourceBundleThemeSource@6af90849]
17:36:29.865 &amp#27;[39mDEBUG&amp#27;[0;39m &amp#27;[35m1724&amp#27;[0;39m --- [ main ] &amp#27;[36mo.s.b.f.s.DefaultListableBeanFactory&amp#27;[0;39m : Creating shared instance of singleton bean 'org.springframework.test.context.support.internalDynamicPropertyRegistrarBeanInitializer'
17:36:29.867 &amp#27;[39mDEBUG&amp#27;[0;39m &amp#27;[35m1726&amp#27;[0;39m --- [ main ] &amp#27;[36mo.s.b.f.s.DefaultListableBeanFactory&amp#27;[0;39m : Creating shared instance of singleton bean 'org.springframework.transaction.config.internalTransactionAdvisor'
17:36:29.867 &amp#27;[39mDEBUG&amp#27;[0;39m &amp#27;[35m1726&amp#27;[0;39m --- [ main ] &amp#27;[36mo.s.b.f.s.DefaultListableBeanFactory&amp#27;[0;39m : Creating shared instance of singleton bean 'org.springframework.transaction.annotation.ProxyTransactionManagementConfiguration'
17:36:29.873 &amp#27;[39mDEBUG&amp#27;[0;39m &amp#27;[35m1732&amp#27;[0;39m --- [ main ] &amp#27;[36mo.s.b.f.s.DefaultListableBeanFactory&amp#27;[0;39m : Creating shared instance of singleton bean 'transactionAttributeSource'
17:36:29.874 &amp#27;[39mDEBUG&amp#27;[0;39m &amp#27;[35m1733&amp#27;[0;39m --- [ main ] &amp#27;[36mo.s.b.f.s.DefaultListableBeanFactory&amp#27;[0;39m : Creating shared instance of singleton bean 'transactionInterceptor'
17:36:29.874 &amp#27;[39mDEBUG&amp#27;[0;39m &amp#27;[35m1733&amp#27;[0;39m --- [ main ] &amp#27;[36mo.s.b.f.s.DefaultListableBeanFactory&amp#27;[0;39m : Autowiring by type from bean name 'transactionInterceptor' via factory method to bean named 'transactionAttributeSource'
17:36:29.879 &amp#27;[39mDEBUG&amp#27;[0;39m &amp#27;[35m1738&amp#27;[0;39m --- [ main ] &amp#27;[36mo.s.b.f.s.DefaultListableBeanFactory&amp#27;[0;39m : Autowiring by type from bean name 'org.springframework.transaction.config.internalTransactionAdvisor' via factory method to bean named 'transactionAttributeSource'
17:36:29.880 &amp#27;[39mDEBUG&amp#27;[0;39m &amp#27;[35m1739&amp#27;[0;39m --- [ main ] &amp#27;[36mo.s.b.f.s.DefaultListableBeanFactory&amp#27;[0;39m : Autowiring by type from bean name 'org.springframework.transaction.config.internalTransactionAdvisor' via factory method to bean named 'transactionInterceptor'
17:36:29.885 &amp#27;[39mDEBUG&amp#27;[0;39m &amp#27;[35m1744&amp#27;[0;39m --- [ main ] &amp#27;[36mo.s.b.f.s.DefaultListableBeanFactory&amp#27;[0;39m : Creating shared instance of singleton bean 'cocktailApplication'
17:36:29.889 &amp#27;[39mDEBUG&amp#27;[0;39m &amp#27;[35m1748&amp#27;[0;39m --- [ main ] &amp#27;[36mo.s.b.f.s.DefaultListableBeanFactory&amp#27;[0;39m : Creating shared instance of singleton bean 'org.springframework.boot.autoconfigure.context.PropertyPlaceholderAutoConfiguration'
17:36:29.890 &amp#27;[39mDEBUG&amp#27;[0;39m &amp#27;[35m1749&amp#27;[0;39m --- [ main ] &amp#27;[36mo.s.b.f.s.DefaultListableBeanFactory&amp#27;[0;39m : Creating shared instance of singleton bean 'org.springframework.boot.autoconfigure.ssl.SslAutoConfiguration'
17:36:29.891 &amp#27;[39mDEBUG&amp#27;[0;39m &amp#27;[35m1750&amp#27;[0;39m --- [ main ] &amp#27;[36mo.s.b.f.s.DefaultListableBeanFactory&amp#27;[0;39m : Creating shared instance of singleton bean 'spring.ssl-org.springframework.boot.autoconfigure.ssl.SslProperties'
17:36:29.893 &amp#27;[39mDEBUG&amp#27;[0;39m &amp#27;[35m1752&amp#27;[0;39m --- [ main ] &amp#27;[36mo.s.b.f.s.DefaultListableBeanFactory&amp#27;[0;39m : Creating shared instance of singleton bean 'org.springframework.boot.context.properties.BoundConfigurationProperties'
17:36:29.902 &amp#27;[39mDEBUG&amp#27;[0;39m &amp#27;[35m1761&amp#27;[0;39m --- [ main ] &amp#27;[36mo.s.b.f.s.DefaultListableBeanFactory&amp#27;[0;39m : Autowiring by type from bean name 'org.springframework.boot.autoconfigure.ssl.SslAutoConfiguration' via constructor to bean named 'org.springframework.web.context.support.GenericWebApplicationContext@41477a6d'
17:36:29.902 &amp#27;[39mDEBUG&amp#27;[0;39m &amp#27;[35m1761&amp#27;[0;39m --- [ main ] &amp#27;[36mo.s.b.f.s.DefaultListableBeanFactory&amp#27;[0;39m : Autowiring by type from bean name 'org.springframework.boot.autoconfigure.ssl.SslAutoConfiguration' via constructor to bean named 'spring.ssl-org.springframework.boot.autoconfigure.ssl.SslProperties'
17:36:29.903 &amp#27;[39mDEBUG&amp#27;[0;39m &amp#27;[35m1762&amp#27;[0;39m --- [ main ] &amp#27;[36mo.s.b.f.s.DefaultListableBeanFactory&amp#27;[0;39m : Creating shared instance of singleton bean 'fileWatcher'
17:36:29.904 &amp#27;[39mDEBUG&amp#27;[0;39m &amp#27;[35m1763&amp#27;[0;39m --- [ main ] &amp#27;[36mo.s.b.f.s.DefaultListableBeanFactory&amp#27;[0;39m : Creating shared instance of singleton bean 'sslPropertiesSslBundleRegistrar'
17:36:29.905 &amp#27;[39mDEBUG&amp#27;[0;39m &amp#27;[35m1764&amp#27;[0;39m --- [ main ] &amp#27;[36mo.s.b.f.s.DefaultListableBeanFactory&amp#27;[0;39m : Autowiring by type from bean name 'sslPropertiesSslBundleRegistrar' via factory method to bean named 'fileWatcher'
17:36:29.907 &amp#27;[39mDEBUG&amp#27;[0;39m &amp#27;[35m1766&amp#27;[0;39m --- [ main ] &amp#27;[36mo.s.b.f.s.DefaultListableBeanFactory&amp#27;[0;39m : Creating shared instance of singleton bean 'sslBundleRegistry'
17:36:29.915 &amp#27;[39mDEBUG&amp#27;[0;39m &amp#27;[35m1774&amp#27;[0;39m --- [ main ] &amp#27;[36mo.s.b.f.s.DefaultListableBeanFactory&amp#27;[0;39m : Creating shared instance of singleton bean 'org.springframework.boot.context.properties.EnableConfigurationPropertiesRegistrar.methodValidationExcludeFilter'
17:36:29.919 &amp#27;[39mDEBUG&amp#27;[0;39m &amp#27;[35m1778&amp#27;[0;39m --- [ main ] &amp#27;[36mo.s.b.f.s.DefaultListableBeanFactory&amp#27;[0;39m : Creating shared instance of singleton bean 'org.springframework.boot.autoconfigure.websocket.servlet.WebSocketServletAutoConfiguration$TomcatWebSocketConfiguration'
17:36:29.919 &amp#27;[39mDEBUG&amp#27;[0;39m &amp#27;[35m1778&amp#27;[0;39m --- [ main ] &amp#27;[36mo.s.b.f.s.DefaultListableBeanFactory&amp#27;[0;39m : Creating shared instance of singleton bean 'websocketServletWebServerCustomizer'
17:36:29.921 &amp#27;[39mDEBUG&amp#27;[0;39m &amp#27;[35m1780&amp#27;[0;39m --- [ main ] &amp#27;[36mo.s.b.f.s.DefaultListableBeanFactory&amp#27;[0;39m : Creating shared instance of singleton bean 'org.springframework.boot.autoconfigure.websocket.servlet.WebSocketServletAutoConfiguration'
17:36:29.921 &amp#27;[39mDEBUG&amp#27;[0;39m &amp#27;[35m1780&amp#27;[0;39m --- [ main ] &amp#27;[36mo.s.b.f.s.DefaultListableBeanFactory&amp#27;[0;39m : Creating shared instance of singleton bean 'org.springframework.boot.autoconfigure.web.servlet.ServletWebServerFactoryConfiguration$EmbeddedTomcat'
17:36:29.922 &amp#27;[39mDEBUG&amp#27;[0;39m &amp#27;[35m1781&amp#27;[0;39m --- [ main ] &amp#27;[36mo.s.b.f.s.DefaultListableBeanFactory&amp#27;[0;39m : Creating shared instance of singleton bean 'tomcatServletWebServerFactory'
17:36:29.962 &amp#27;[39mDEBUG&amp#27;[0;39m &amp#27;[35m1821&amp#27;[0;39m --- [ main ] &amp#27;[36mo.s.b.f.s.DefaultListableBeanFactory&amp#27;[0;39m : Creating shared instance of singleton bean 'servletWebServerFactoryCustomizer'
17:36:29.962 &amp#27;[39mDEBUG&amp#27;[0;39m &amp#27;[35m1821&amp#27;[0;39m --- [ main ] &amp#27;[36mo.s.b.f.s.DefaultListableBeanFactory&amp#27;[0;39m : Creating shared instance of singleton bean 'org.springframework.boot.autoconfigure.web.servlet.ServletWebServerFactoryAutoConfiguration'
17:36:29.964 &amp#27;[39mDEBUG&amp#27;[0;39m &amp#27;[35m1823&amp#27;[0;39m --- [ main ] &amp#27;[36mo.s.b.f.s.DefaultListableBeanFactory&amp#27;[0;39m : Creating shared instance of singleton bean 'server-org.springframework.boot.autoconfigure.web.ServerProperties'
17:36:29.984 &amp#27;[39mDEBUG&amp#27;[0;39m &amp#27;[35m1843&amp#27;[0;39m --- [ main ] &amp#27;[36mo.s.b.f.s.DefaultListableBeanFactory&amp#27;[0;39m : Autowiring by type from bean name 'servletWebServerFactoryCustomizer' via factory method to bean named 'server-org.springframework.boot.autoconfigure.web.ServerProperties'
17:36:29.986 &amp#27;[39mDEBUG&amp#27;[0;39m &amp#27;[35m1845&amp#27;[0;39m --- [ main ] &amp#27;[36mo.s.b.f.s.DefaultListableBeanFactory&amp#27;[0;39m : Creating shared instance of singleton bean 'tomcatServletWebServerFactoryCustomizer'
17:36:29.987 &amp#27;[39mDEBUG&amp#27;[0;39m &amp#27;[35m1846&amp#27;[0;39m --- [ main ] &amp#27;[36mo.s.b.f.s.DefaultListableBeanFactory&amp#27;[0;39m : Autowiring by type from bean name 'tomcatServletWebServerFactoryCustomizer' via factory method to bean named 'server-org.springframework.boot.autoconfigure.web.ServerProperties'
17:36:29.988 &amp#27;[39mDEBUG&amp#27;[0;39m &amp#27;[35m1847&amp#27;[0;39m --- [ main ] &amp#27;[36mo.s.b.f.s.DefaultListableBeanFactory&amp#27;[0;39m : Creating shared instance of singleton bean 'localeCharsetMappingsCustomizer'
17:36:29.988 &amp#27;[39mDEBUG&amp#27;[0;39m &amp#27;[35m1847&amp#27;[0;39m --- [ main ] &amp#27;[36mo.s.b.f.s.DefaultListableBeanFactory&amp#27;[0;39m : Creating shared instance of singleton bean 'org.springframework.boot.autoconfigure.web.servlet.HttpEncodingAutoConfiguration'
17:36:29.989 &amp#27;[39mDEBUG&amp#27;[0;39m &amp#27;[35m1848&amp#27;[0;39m --- [ main ] &amp#27;[36mo.s.b.f.s.DefaultListableBeanFactory&amp#27;[0;39m : Autowiring by type from bean name 'org.springframework.boot.autoconfigure.web.servlet.HttpEncodingAutoConfiguration' via constructor to bean named 'server-org.springframework.boot.autoconfigure.web.ServerProperties'
17:36:30.014 &amp#27;[39mDEBUG&amp#27;[0;39m &amp#27;[35m1873&amp#27;[0;39m --- [ main ] &amp#27;[36mo.s.b.f.s.DefaultListableBeanFactory&amp#27;[0;39m : Creating shared instance of singleton bean 'errorPageCustomizer'
17:36:30.014 &amp#27;[39mDEBUG&amp#27;[0;39m &amp#27;[35m1873&amp#27;[0;39m --- [ main ] &amp#27;[36mo.s.b.f.s.DefaultListableBeanFactory&amp#27;[0;39m : Creating shared instance of singleton bean 'org.springframework.boot.autoconfigure.web.servlet.error.ErrorMvcAutoConfiguration'
17:36:30.015 &amp#27;[39mDEBUG&amp#27;[0;39m &amp#27;[35m1874&amp#27;[0;39m --- [ main ] &amp#27;[36mo.s.b.f.s.DefaultListableBeanFactory&amp#27;[0;39m : Autowiring by type from bean name 'org.springframework.boot.autoconfigure.web.servlet.error.ErrorMvcAutoConfiguration' via constructor to bean named 'server-org.springframework.boot.autoconfigure.web.ServerProperties'
17:36:30.016 &amp#27;[39mDEBUG&amp#27;[0;39m &amp#27;[35m1875&amp#27;[0;39m --- [ main ] &amp#27;[36mo.s.b.f.s.DefaultListableBeanFactory&amp#27;[0;39m : Creating shared instance of singleton bean 'dispatcherServletRegistration'
17:36:30.016 &amp#27;[39mDEBUG&amp#27;[0;39m &amp#27;[35m1875&amp#27;[0;39m --- [ main ] &amp#27;[36mo.s.b.f.s.DefaultListableBeanFactory&amp#27;[0;39m : Creating shared instance of singleton bean 'org.springframework.boot.autoconfigure.web.servlet.DispatcherServletAutoConfiguration$DispatcherServletRegistrationConfiguration'
17:36:30.018 &amp#27;[39mDEBUG&amp#27;[0;39m &amp#27;[35m1877&amp#27;[0;39m --- [ main ] &amp#27;[36mo.s.b.f.s.DefaultListableBeanFactory&amp#27;[0;39m : Creating shared instance of singleton bean 'dispatcherServlet'
17:36:30.018 &amp#27;[39mDEBUG&amp#27;[0;39m &amp#27;[35m1877&amp#27;[0;39m --- [ main ] &amp#27;[36mo.s.b.f.s.DefaultListableBeanFactory&amp#27;[0;39m : Creating shared instance of singleton bean 'org.springframework.boot.autoconfigure.web.servlet.DispatcherServletAutoConfiguration$DispatcherServletConfiguration'
17:36:30.019 &amp#27;[39mDEBUG&amp#27;[0;39m &amp#27;[35m1878&amp#27;[0;39m --- [ main ] &amp#27;[36mo.s.b.f.s.DefaultListableBeanFactory&amp#27;[0;39m : Creating shared instance of singleton bean 'spring.mvc-org.springframework.boot.autoconfigure.web.servlet.WebMvcProperties'
17:36:30.026 &amp#27;[39mDEBUG&amp#27;[0;39m &amp#27;[35m1885&amp#27;[0;39m --- [ main ] &amp#27;[36mo.s.b.f.s.DefaultListableBeanFactory&amp#27;[0;39m : Autowiring by type from bean name 'dispatcherServlet' via factory method to bean named 'spring.mvc-org.springframework.boot.autoconfigure.web.servlet.WebMvcProperties'
17:36:30.046 &amp#27;[39mDEBUG&amp#27;[0;39m &amp#27;[35m1905&amp#27;[0;39m --- [ main ] &amp#27;[36mo.s.b.f.s.DefaultListableBeanFactory&amp#27;[0;39m : Autowiring by type from bean name 'dispatcherServletRegistration' via factory method to bean named 'dispatcherServlet'
17:36:30.047 &amp#27;[39mDEBUG&amp#27;[0;39m &amp#27;[35m1906&amp#27;[0;39m --- [ main ] &amp#27;[36mo.s.b.f.s.DefaultListableBeanFactory&amp#27;[0;39m : Autowiring by type from bean name 'dispatcherServletRegistration' via factory method to bean named 'spring.mvc-org.springframework.boot.autoconfigure.web.servlet.WebMvcProperties'
17:36:30.049 &amp#27;[39mDEBUG&amp#27;[0;39m &amp#27;[35m1908&amp#27;[0;39m --- [ main ] &amp#27;[36mo.s.b.f.s.DefaultListableBeanFactory&amp#27;[0;39m : Creating shared instance of singleton bean 'multipartConfigElement'
17:36:30.050 &amp#27;[39mDEBUG&amp#27;[0;39m &amp#27;[35m1909&amp#27;[0;39m --- [ main ] &amp#27;[36mo.s.b.f.s.DefaultListableBeanFactory&amp#27;[0;39m : Creating shared instance of singleton bean 'org.springframework.boot.autoconfigure.web.servlet.MultipartAutoConfiguration'
17:36:30.051 &amp#27;[39mDEBUG&amp#27;[0;39m &amp#27;[35m1910&amp#27;[0;39m --- [ main ] &amp#27;[36mo.s.b.f.s.DefaultListableBeanFactory&amp#27;[0;39m : Creating shared instance of singleton bean 'spring.servlet.multipart-org.springframework.boot.autoconfigure.web.servlet.MultipartProperties'
17:36:30.056 &amp#27;[39mDEBUG&amp#27;[0;39m &amp#27;[35m1915&amp#27;[0;39m --- [ main ] &amp#27;[36mo.s.b.f.s.DefaultListableBeanFactory&amp#27;[0;39m : Autowiring by type from bean name 'org.springframework.boot.autoconfigure.web.servlet.MultipartAutoConfiguration' via constructor to bean named 'spring.servlet.multipart-org.springframework.boot.autoconfigure.web.servlet.MultipartProperties'
17:36:30.065 &amp#27;[39mDEBUG&amp#27;[0;39m &amp#27;[35m1924&amp#27;[0;39m --- [ main ] &amp#27;[36mo.s.b.f.s.DefaultListableBeanFactory&amp#27;[0;39m : Autowiring by type from bean name 'errorPageCustomizer' via factory method to bean named 'dispatcherServletRegistration'
17:36:30.070 &amp#27;[39mDEBUG&amp#27;[0;39m &amp#27;[35m1929&amp#27;[0;39m --- [ main ] &amp#27;[36mo.s.b.f.s.DefaultListableBeanFactory&amp#27;[0;39m : Creating shared instance of singleton bean 'org.springframework.boot.autoconfigure.web.servlet.DispatcherServletAutoConfiguration'
17:36:30.071 &amp#27;[39mDEBUG&amp#27;[0;39m &amp#27;[35m1930&amp#27;[0;39m --- [ main ] &amp#27;[36mo.s.b.f.s.DefaultListableBeanFactory&amp#27;[0;39m : Creating shared instance of singleton bean 'org.springframework.boot.autoconfigure.task.TaskExecutorConfigurations$ThreadPoolTaskExecutorBuilderConfiguration'
17:36:30.072 &amp#27;[39mDEBUG&amp#27;[0;39m &amp#27;[35m1931&amp#27;[0;39m --- [ main ] &amp#27;[36mo.s.b.f.s.DefaultListableBeanFactory&amp#27;[0;39m : Creating shared instance of singleton bean 'threadPoolTaskExecutorBuilder'
17:36:30.073 &amp#27;[39mDEBUG&amp#27;[0;39m &amp#27;[35m1932&amp#27;[0;39m --- [ main ] &amp#27;[36mo.s.b.f.s.DefaultListableBeanFactory&amp#27;[0;39m : Creating shared instance of singleton bean 'spring.task.execution-org.springframework.boot.autoconfigure.task.TaskExecutionProperties'
17:36:30.076 &amp#27;[39mDEBUG&amp#27;[0;39m &amp#27;[35m1935&amp#27;[0;39m --- [ main ] &amp#27;[36mo.s.b.f.s.DefaultListableBeanFactory&amp#27;[0;39m : Autowiring by type from bean name 'threadPoolTaskExecutorBuilder' via factory method to bean named 'spring.task.execution-org.springframework.boot.autoconfigure.task.TaskExecutionProperties'
17:36:30.080 &amp#27;[39mDEBUG&amp#27;[0;39m &amp#27;[35m1939&amp#27;[0;39m --- [ main ] &amp#27;[36mo.s.b.f.s.DefaultListableBeanFactory&amp#27;[0;39m : Creating shared instance of singleton bean 'org.springframework.boot.autoconfigure.task.TaskExecutorConfigurations$SimpleAsyncTaskExecutorBuilderConfiguration'
17:36:30.081 &amp#27;[39mDEBUG&amp#27;[0;39m &amp#27;[35m1940&amp#27;[0;39m --- [ main ] &amp#27;[36mo.s.b.f.s.DefaultListableBeanFactory&amp#27;[0;39m : Autowiring by type from bean name 'org.springframework.boot.autoconfigure.task.TaskExecutorConfigurations$SimpleAsyncTaskExecutorBuilderConfiguration' via constructor to bean named 'spring.task.execution-org.springframework.boot.autoconfigure.task.TaskExecutionProperties'
17:36:30.082 &amp#27;[39mDEBUG&amp#27;[0;39m &amp#27;[35m1941&amp#27;[0;39m --- [ main ] &amp#27;[36mo.s.b.f.s.DefaultListableBeanFactory&amp#27;[0;39m : Creating shared instance of singleton bean 'simpleAsyncTaskExecutorBuilder'
17:36:30.084 &amp#27;[39mDEBUG&amp#27;[0;39m &amp#27;[35m1943&amp#27;[0;39m --- [ main ] &amp#27;[36mo.s.b.f.s.DefaultListableBeanFactory&amp#27;[0;39m : Creating shared instance of singleton bean 'org.springframework.boot.autoconfigure.task.TaskExecutorConfigurations$TaskExecutorConfiguration'
17:36:30.085 &amp#27;[39mDEBUG&amp#27;[0;39m &amp#27;[35m1944&amp#27;[0;39m --- [ main ] &amp#27;[36mo.s.b.f.s.DefaultListableBeanFactory&amp#27;[0;39m : Creating shared instance of singleton bean 'org.springframework.boot.autoconfigure.task.TaskExecutionAutoConfiguration'
17:36:30.086 &amp#27;[39mDEBUG&amp#27;[0;39m &amp#27;[35m1945&amp#27;[0;39m --- [ main ] &amp#27;[36mo.s.b.f.s.DefaultListableBeanFactory&amp#27;[0;39m : Creating shared instance of singleton bean 'org.springframework.boot.autoconfigure.web.servlet.error.ErrorMvcAutoConfiguration$WhitelabelErrorViewConfiguration'
17:36:30.087 &amp#27;[39mDEBUG&amp#27;[0;39m &amp#27;[35m1946&amp#27;[0;39m --- [ main ] &amp#27;[36mo.s.b.f.s.DefaultListableBeanFactory&amp#27;[0;39m : Creating shared instance of singleton bean 'error'
17:36:30.088 &amp#27;[39mDEBUG&amp#27;[0;39m &amp#27;[35m1947&amp#27;[0;39m --- [ main ] &amp#27;[36mo.s.b.f.s.DefaultListableBeanFactory&amp#27;[0;39m : Creating shared instance of singleton bean 'beanNameViewResolver'
17:36:30.090 &amp#27;[39mDEBUG&amp#27;[0;39m &amp#27;[35m1949&amp#27;[0;39m --- [ main ] &amp#27;[36mo.s.b.f.s.DefaultListableBeanFactory&amp#27;[0;39m : Creating shared instance of singleton bean 'org.springframework.boot.autoconfigure.web.servlet.error.ErrorMvcAutoConfiguration$DefaultErrorViewResolverConfiguration'
17:36:30.092 &amp#27;[39mDEBUG&amp#27;[0;39m &amp#27;[35m1951&amp#27;[0;39m --- [ main ] &amp#27;[36mo.s.b.f.s.DefaultListableBeanFactory&amp#27;[0;39m : Creating shared instance of singleton bean 'spring.web-org.springframework.boot.autoconfigure.web.WebProperties'
17:36:30.100 &amp#27;[39mDEBUG&amp#27;[0;39m &amp#27;[35m1959&amp#27;[0;39m --- [ main ] &amp#27;[36mo.s.b.f.s.DefaultListableBeanFactory&amp#27;[0;39m : Autowiring by type from bean name 'org.springframework.boot.autoconfigure.web.servlet.error.ErrorMvcAutoConfiguration$DefaultErrorViewResolverConfiguration' via constructor to bean named 'org.springframework.web.context.support.GenericWebApplicationContext@41477a6d'
17:36:30.100 &amp#27;[39mDEBUG&amp#27;[0;39m &amp#27;[35m1959&amp#27;[0;39m --- [ main ] &amp#27;[36mo.s.b.f.s.DefaultListableBeanFactory&amp#27;[0;39m : Autowiring by type from bean name 'org.springframework.boot.autoconfigure.web.servlet.error.ErrorMvcAutoConfiguration$DefaultErrorViewResolverConfiguration' via constructor to bean named 'spring.web-org.springframework.boot.autoconfigure.web.WebProperties'
17:36:30.100 &amp#27;[39mDEBUG&amp#27;[0;39m &amp#27;[35m1959&amp#27;[0;39m --- [ main ] &amp#27;[36mo.s.b.f.s.DefaultListableBeanFactory&amp#27;[0;39m : Creating shared instance of singleton bean 'conventionErrorViewResolver'
17:36:30.103 &amp#27;[39mDEBUG&amp#27;[0;39m &amp#27;[35m1962&amp#27;[0;39m --- [ main ] &amp#27;[36mo.s.b.f.s.DefaultListableBeanFactory&amp#27;[0;39m : Creating shared instance of singleton bean 'errorAttributes'
17:36:30.106 &amp#27;[39mDEBUG&amp#27;[0;39m &amp#27;[35m1965&amp#27;[0;39m --- [ main ] &amp#27;[36mo.s.b.f.s.DefaultListableBeanFactory&amp#27;[0;39m : Creating shared instance of singleton bean 'basicErrorController'
17:36:30.106 &amp#27;[39mDEBUG&amp#27;[0;39m &amp#27;[35m1965&amp#27;[0;39m --- [ main ] &amp#27;[36mo.s.b.f.s.DefaultListableBeanFactory&amp#27;[0;39m : Autowiring by type from bean name 'basicErrorController' via factory method to bean named 'errorAttributes'
17:36:30.117 &amp#27;[39mDEBUG&amp#27;[0;39m &amp#27;[35m1976&amp#27;[0;39m --- [ main ] &amp#27;[36mo.s.b.f.s.DefaultListableBeanFactory&amp#27;[0;39m : Creating shared instance of singleton bean 'org.springframework.boot.autoconfigure.web.servlet.WebMvcAutoConfiguration$EnableWebMvcConfiguration'
17:36:30.118 &amp#27;[39mDEBUG&amp#27;[0;39m &amp#27;[35m1977&amp#27;[0;39m --- [ main ] &amp#27;[36mo.s.b.f.s.DefaultListableBeanFactory&amp#27;[0;39m : Autowiring by type from bean name 'org.springframework.boot.autoconfigure.web.servlet.WebMvcAutoConfiguration$EnableWebMvcConfiguration' via constructor to bean named 'spring.mvc-org.springframework.boot.autoconfigure.web.servlet.WebMvcProperties'
17:36:30.118 &amp#27;[39mDEBUG&amp#27;[0;39m &amp#27;[35m1977&amp#27;[0;39m --- [ main ] &amp#27;[36mo.s.b.f.s.DefaultListableBeanFactory&amp#27;[0;39m : Autowiring by type from bean name 'org.springframework.boot.autoconfigure.web.servlet.WebMvcAutoConfiguration$EnableWebMvcConfiguration' via constructor to bean named 'spring.web-org.springframework.boot.autoconfigure.web.WebProperties'
17:36:30.118 &amp#27;[39mDEBUG&amp#27;[0;39m &amp#27;[35m1977&amp#27;[0;39m --- [ main ] &amp#27;[36mo.s.b.f.s.DefaultListableBeanFactory&amp#27;[0;39m : Autowiring by type from bean name 'org.springframework.boot.autoconfigure.web.servlet.WebMvcAutoConfiguration$EnableWebMvcConfiguration' via constructor to bean named 'org.springframework.beans.factory.support.DefaultListableBeanFactory@5c645b43'
17:36:30.123 &amp#27;[39mDEBUG&amp#27;[0;39m &amp#27;[35m1982&amp#27;[0;39m --- [ main ] &amp#27;[36mo.s.b.f.s.DefaultListableBeanFactory&amp#27;[0;39m : Creating shared instance of singleton bean 'org.springframework.boot.autoconfigure.web.servlet.WebMvcAutoConfiguration$WebMvcAutoConfigurationAdapter'
17:36:30.124 &amp#27;[39mDEBUG&amp#27;[0;39m &amp#27;[35m1983&amp#27;[0;39m --- [ main ] &amp#27;[36mo.s.b.f.s.DefaultListableBeanFactory&amp#27;[0;39m : Autowiring by type from bean name 'org.springframework.boot.autoconfigure.web.servlet.WebMvcAutoConfiguration$WebMvcAutoConfigurationAdapter' via constructor to bean named 'spring.web-org.springframework.boot.autoconfigure.web.WebProperties'
17:36:30.124 &amp#27;[39mDEBUG&amp#27;[0;39m &amp#27;[35m1983&amp#27;[0;39m --- [ main ] &amp#27;[36mo.s.b.f.s.DefaultListableBeanFactory&amp#27;[0;39m : Autowiring by type from bean name 'org.springframework.boot.autoconfigure.web.servlet.WebMvcAutoConfiguration$WebMvcAutoConfigurationAdapter' via constructor to bean named 'spring.mvc-org.springframework.boot.autoconfigure.web.servlet.WebMvcProperties'
17:36:30.124 &amp#27;[39mDEBUG&amp#27;[0;39m &amp#27;[35m1983&amp#27;[0;39m --- [ main ] &amp#27;[36mo.s.b.f.s.DefaultListableBeanFactory&amp#27;[0;39m : Autowiring by type from bean name 'org.springframework.boot.autoconfigure.web.servlet.WebMvcAutoConfiguration$WebMvcAutoConfigurationAdapter' via constructor to bean named 'org.springframework.beans.factory.support.DefaultListableBeanFactory@5c645b43'
17:36:30.126 &amp#27;[39mDEBUG&amp#27;[0;39m &amp#27;[35m1985&amp#27;[0;39m --- [ main ] &amp#27;[36mo.s.b.f.s.DefaultListableBeanFactory&amp#27;[0;39m : Creating shared instance of singleton bean 'org.springframework.security.config.annotation.web.configuration.WebMvcSecurityConfiguration'
17:36:30.133 &amp#27;[39mDEBUG&amp#27;[0;39m &amp#27;[35m1992&amp#27;[0;39m --- [ main ] &amp#27;[36mo.s.b.f.s.DefaultListableBeanFactory&amp#27;[0;39m : Creating shared instance of singleton bean 'welcomePageHandlerMapping'
17:36:30.133 &amp#27;[39mDEBUG&amp#27;[0;39m &amp#27;[35m1992&amp#27;[0;39m --- [ main ] &amp#27;[36mo.s.b.f.s.DefaultListableBeanFactory&amp#27;[0;39m : Creating shared instance of singleton bean 'mvcConversionService'
17:36:30.138 &amp#27;[39mDEBUG&amp#27;[0;39m &amp#27;[35m1997&amp#27;[0;39m --- [ main ] &amp#27;[36mo.s.b.f.s.DefaultListableBeanFactory&amp#27;[0;39m : Creating shared instance of singleton bean 'mvcResourceUrlProvider'
17:36:30.141 &amp#27;[39mDEBUG&amp#27;[0;39m &amp#27;[35m2000&amp#27;[0;39m --- [ main ] &amp#27;[36mo.s.b.f.s.DefaultListableBeanFactory&amp#27;[0;39m : Autowiring by type from bean name 'welcomePageHandlerMapping' via factory method to bean named 'org.springframework.web.context.support.GenericWebApplicationContext@41477a6d'
17:36:30.141 &amp#27;[39mDEBUG&amp#27;[0;39m &amp#27;[35m2000&amp#27;[0;39m --- [ main ] &amp#27;[36mo.s.b.f.s.DefaultListableBeanFactory&amp#27;[0;39m : Autowiring by type from bean name 'welcomePageHandlerMapping' via factory method to bean named 'mvcConversionService'
17:36:30.141 &amp#27;[39mDEBUG&amp#27;[0;39m &amp#27;[35m2000&amp#27;[0;39m --- [ main ] &amp#27;[36mo.s.b.f.s.DefaultListableBeanFactory&amp#27;[0;39m : Autowiring by type from bean name 'welcomePageHandlerMapping' via factory method to bean named 'mvcResourceUrlProvider'
17:36:30.154 &amp#27;[39mDEBUG&amp#27;[0;39m &amp#27;[35m2013&amp#27;[0;39m --- [ main ] &amp#27;[36mo.s.b.f.s.DefaultListableBeanFactory&amp#27;[0;39m : Creating shared instance of singleton bean 'welcomePageNotAcceptableHandlerMapping'
17:36:30.154 &amp#27;[39mDEBUG&amp#27;[0;39m &amp#27;[35m2013&amp#27;[0;39m --- [ main ] &amp#27;[36mo.s.b.f.s.DefaultListableBeanFactory&amp#27;[0;39m : Autowiring by type from bean name 'welcomePageNotAcceptableHandlerMapping' via factory method to bean named 'org.springframework.web.context.support.GenericWebApplicationContext@41477a6d'
17:36:30.155 &amp#27;[39mDEBUG&amp#27;[0;39m &amp#27;[35m2014&amp#27;[0;39m --- [ main ] &amp#27;[36mo.s.b.f.s.DefaultListableBeanFactory&amp#27;[0;39m : Autowiring by type from bean name 'welcomePageNotAcceptableHandlerMapping' via factory method to bean named 'mvcConversionService'
17:36:30.155 &amp#27;[39mDEBUG&amp#27;[0;39m &amp#27;[35m2014&amp#27;[0;39m --- [ main ] &amp#27;[36mo.s.b.f.s.DefaultListableBeanFactory&amp#27;[0;39m : Autowiring by type from bean name 'welcomePageNotAcceptableHandlerMapping' via factory method to bean named 'mvcResourceUrlProvider'
17:36:30.159 &amp#27;[39mDEBUG&amp#27;[0;39m &amp#27;[35m2018&amp#27;[0;39m --- [ main ] &amp#27;[36mo.s.b.f.s.DefaultListableBeanFactory&amp#27;[0;39m : Creating shared instance of singleton bean 'localeResolver'
17:36:30.161 &amp#27;[39mDEBUG&amp#27;[0;39m &amp#27;[35m2020&amp#27;[0;39m --- [ main ] &amp#27;[36mo.s.b.f.s.DefaultListableBeanFactory&amp#27;[0;39m : Creating shared instance of singleton bean 'themeResolver'
17:36:30.162 &amp#27;[39mDEBUG&amp#27;[0;39m &amp#27;[35m2021&amp#27;[0;39m --- [ main ] &amp#27;[36mo.s.b.f.s.DefaultListableBeanFactory&amp#27;[0;39m : Creating shared instance of singleton bean 'flashMapManager'
17:36:30.165 &amp#27;[39mDEBUG&amp#27;[0;39m &amp#27;[35m2024&amp#27;[0;39m --- [ main ] &amp#27;[36mo.s.b.f.s.DefaultListableBeanFactory&amp#27;[0;39m : Creating shared instance of singleton bean 'viewNameTranslator'
17:36:30.166 &amp#27;[39mDEBUG&amp#27;[0;39m &amp#27;[35m2025&amp#27;[0;39m --- [ main ] &amp#27;[36mo.s.b.f.s.DefaultListableBeanFactory&amp#27;[0;39m : Creating shared instance of singleton bean 'mvcValidator'
17:36:30.167 &amp#27;[39mDEBUG&amp#27;[0;39m &amp#27;[35m2026&amp#27;[0;39m --- [ main ] &amp#27;[36mo.s.b.f.s.DefaultListableBeanFactory&amp#27;[0;39m : Creating shared instance of singleton bean 'mvcContentNegotiationManager'
17:36:30.172 &amp#27;[39mDEBUG&amp#27;[0;39m &amp#27;[35m2031&amp#27;[0;39m --- [ main ] &amp#27;[36mo.s.b.f.s.DefaultListableBeanFactory&amp#27;[0;39m : Creating shared instance of singleton bean 'requestMappingHandlerMapping'
17:36:30.174 &amp#27;[39mDEBUG&amp#27;[0;39m &amp#27;[35m2033&amp#27;[0;39m --- [ main ] &amp#27;[36mo.s.b.f.s.DefaultListableBeanFactory&amp#27;[0;39m : Autowiring by type from bean name 'requestMappingHandlerMapping' via factory method to bean named 'mvcContentNegotiationManager'
17:36:30.174 &amp#27;[39mDEBUG&amp#27;[0;39m &amp#27;[35m2033&amp#27;[0;39m --- [ main ] &amp#27;[36mo.s.b.f.s.DefaultListableBeanFactory&amp#27;[0;39m : Autowiring by type from bean name 'requestMappingHandlerMapping' via factory method to bean named 'mvcConversionService'
17:36:30.174 &amp#27;[39mDEBUG&amp#27;[0;39m &amp#27;[35m2033&amp#27;[0;39m --- [ main ] &amp#27;[36mo.s.b.f.s.DefaultListableBeanFactory&amp#27;[0;39m : Autowiring by type from bean name 'requestMappingHandlerMapping' via factory method to bean named 'mvcResourceUrlProvider'
17:36:30.244 &amp#27;[39mDEBUG&amp#27;[0;39m &amp#27;[35m2103&amp#27;[0;39m --- [ main ] &amp#27;[36mo.s.w.s.m.m.a.RequestMappingHandlerMapping&amp#27;[0;39m : 2 mappings in 'requestMappingHandlerMapping'
17:36:30.248 &amp#27;[39mDEBUG&amp#27;[0;39m &amp#27;[35m2107&amp#27;[0;39m --- [ main ] &amp#27;[36mo.s.b.f.s.DefaultListableBeanFactory&amp#27;[0;39m : Creating shared instance of singleton bean 'mvcPatternParser'
17:36:30.249 &amp#27;[39mDEBUG&amp#27;[0;39m &amp#27;[35m2108&amp#27;[0;39m --- [ main ] &amp#27;[36mo.s.b.f.s.DefaultListableBeanFactory&amp#27;[0;39m : Creating shared instance of singleton bean 'mvcUrlPathHelper'
17:36:30.251 &amp#27;[39mDEBUG&amp#27;[0;39m &amp#27;[35m2110&amp#27;[0;39m --- [ main ] &amp#27;[36mo.s.b.f.s.DefaultListableBeanFactory&amp#27;[0;39m : Creating shared instance of singleton bean 'mvcPathMatcher'
17:36:30.252 &amp#27;[39mDEBUG&amp#27;[0;39m &amp#27;[35m2111&amp#27;[0;39m --- [ main ] &amp#27;[36mo.s.b.f.s.DefaultListableBeanFactory&amp#27;[0;39m : Creating shared instance of singleton bean 'viewControllerHandlerMapping'
17:36:30.253 &amp#27;[39mDEBUG&amp#27;[0;39m &amp#27;[35m2112&amp#27;[0;39m --- [ main ] &amp#27;[36mo.s.b.f.s.DefaultListableBeanFactory&amp#27;[0;39m : Autowiring by type from bean name 'viewControllerHandlerMapping' via factory method to bean named 'mvcConversionService'
17:36:30.253 &amp#27;[39mDEBUG&amp#27;[0;39m &amp#27;[35m2112&amp#27;[0;39m --- [ main ] &amp#27;[36mo.s.b.f.s.DefaultListableBeanFactory&amp#27;[0;39m : Autowiring by type from bean name 'viewControllerHandlerMapping' via factory method to bean named 'mvcResourceUrlProvider'
17:36:30.254 &amp#27;[39mDEBUG&amp#27;[0;39m &amp#27;[35m2113&amp#27;[0;39m --- [ main ] &amp#27;[36mo.s.b.f.s.DefaultListableBeanFactory&amp#27;[0;39m : Creating shared instance of singleton bean 'beanNameHandlerMapping'
17:36:30.255 &amp#27;[39mDEBUG&amp#27;[0;39m &amp#27;[35m2114&amp#27;[0;39m --- [ main ] &amp#27;[36mo.s.b.f.s.DefaultListableBeanFactory&amp#27;[0;39m : Autowiring by type from bean name 'beanNameHandlerMapping' via factory method to bean named 'mvcConversionService'
17:36:30.255 &amp#27;[39mDEBUG&amp#27;[0;39m &amp#27;[35m2114&amp#27;[0;39m --- [ main ] &amp#27;[36mo.s.b.f.s.DefaultListableBeanFactory&amp#27;[0;39m : Autowiring by type from bean name 'beanNameHandlerMapping' via factory method to bean named 'mvcResourceUrlProvider'
17:36:30.259 &amp#27;[39mDEBUG&amp#27;[0;39m &amp#27;[35m2118&amp#27;[0;39m --- [ main ] &amp#27;[36mo.s.b.f.s.DefaultListableBeanFactory&amp#27;[0;39m : Creating shared instance of singleton bean 'routerFunctionMapping'
17:36:30.260 &amp#27;[39mDEBUG&amp#27;[0;39m &amp#27;[35m2119&amp#27;[0;39m --- [ main ] &amp#27;[36mo.s.b.f.s.DefaultListableBeanFactory&amp#27;[0;39m : Autowiring by type from bean name 'routerFunctionMapping' via factory method to bean named 'mvcConversionService'
17:36:30.260 &amp#27;[39mDEBUG&amp#27;[0;39m &amp#27;[35m2119&amp#27;[0;39m --- [ main ] &amp#27;[36mo.s.b.f.s.DefaultListableBeanFactory&amp#27;[0;39m : Autowiring by type from bean name 'routerFunctionMapping' via factory method to bean named 'mvcResourceUrlProvider'
17:36:30.261 &amp#27;[39mDEBUG&amp#27;[0;39m &amp#27;[35m2120&amp#27;[0;39m --- [ main ] &amp#27;[36mo.s.b.f.s.DefaultListableBeanFactory&amp#27;[0;39m : Creating shared instance of singleton bean 'messageConverters'
17:36:30.262 &amp#27;[39mDEBUG&amp#27;[0;39m &amp#27;[35m2121&amp#27;[0;39m --- [ main ] &amp#27;[36mo.s.b.f.s.DefaultListableBeanFactory&amp#27;[0;39m : Creating shared instance of singleton bean 'org.springframework.boot.autoconfigure.http.HttpMessageConvertersAutoConfiguration'
17:36:30.266 &amp#27;[39mDEBUG&amp#27;[0;39m &amp#27;[35m2125&amp#27;[0;39m --- [ main ] &amp#27;[36mo.s.b.f.s.DefaultListableBeanFactory&amp#27;[0;39m : Creating shared instance of singleton bean 'stringHttpMessageConverter'
17:36:30.267 &amp#27;[39mDEBUG&amp#27;[0;39m &amp#27;[35m2126&amp#27;[0;39m --- [ main ] &amp#27;[36mo.s.b.f.s.DefaultListableBeanFactory&amp#27;[0;39m : Creating shared instance of singleton bean 'org.springframework.boot.autoconfigure.http.HttpMessageConvertersAutoConfiguration$StringHttpMessageConverterConfiguration'
17:36:30.268 &amp#27;[39mDEBUG&amp#27;[0;39m &amp#27;[35m2127&amp#27;[0;39m --- [ main ] &amp#27;[36mo.s.b.f.s.DefaultListableBeanFactory&amp#27;[0;39m : Autowiring by type from bean name 'stringHttpMessageConverter' via factory method to bean named 'environment'
17:36:30.273 &amp#27;[39mDEBUG&amp#27;[0;39m &amp#27;[35m2132&amp#27;[0;39m --- [ main ] &amp#27;[36mo.s.b.f.s.DefaultListableBeanFactory&amp#27;[0;39m : Creating shared instance of singleton bean 'mappingJackson2HttpMessageConverter'
17:36:30.273 &amp#27;[39mDEBUG&amp#27;[0;39m &amp#27;[35m2132&amp#27;[0;39m --- [ main ] &amp#27;[36mo.s.b.f.s.DefaultListableBeanFactory&amp#27;[0;39m : Creating shared instance of singleton bean 'org.springframework.boot.autoconfigure.http.JacksonHttpMessageConvertersConfiguration$MappingJackson2HttpMessageConverterConfiguration'
17:36:30.274 &amp#27;[39mDEBUG&amp#27;[0;39m &amp#27;[35m2133&amp#27;[0;39m --- [ main ] &amp#27;[36mo.s.b.f.s.DefaultListableBeanFactory&amp#27;[0;39m : Creating shared instance of singleton bean 'jacksonObjectMapper'
17:36:30.275 &amp#27;[39mDEBUG&amp#27;[0;39m &amp#27;[35m2134&amp#27;[0;39m --- [ main ] &amp#27;[36mo.s.b.f.s.DefaultListableBeanFactory&amp#27;[0;39m : Creating shared instance of singleton bean 'org.springframework.boot.autoconfigure.jackson.JacksonAutoConfiguration$JacksonObjectMapperConfiguration'
17:36:30.276 &amp#27;[39mDEBUG&amp#27;[0;39m &amp#27;[35m2135&amp#27;[0;39m --- [ main ] &amp#27;[36mo.s.b.f.s.DefaultListableBeanFactory&amp#27;[0;39m : Creating shared instance of singleton bean 'org.springframework.boot.autoconfigure.jackson.JacksonAutoConfiguration$JacksonObjectMapperBuilderConfiguration'
17:36:30.278 &amp#27;[39mDEBUG&amp#27;[0;39m &amp#27;[35m2137&amp#27;[0;39m --- [ main ] &amp#27;[36mo.s.b.f.s.DefaultListableBeanFactory&amp#27;[0;39m : Creating shared instance of singleton bean 'standardJacksonObjectMapperBuilderCustomizer'
17:36:30.278 &amp#27;[39mDEBUG&amp#27;[0;39m &amp#27;[35m2137&amp#27;[0;39m --- [ main ] &amp#27;[36mo.s.b.f.s.DefaultListableBeanFactory&amp#27;[0;39m : Creating shared instance of singleton bean 'org.springframework.boot.autoconfigure.jackson.JacksonAutoConfiguration$Jackson2ObjectMapperBuilderCustomizerConfiguration'
17:36:30.279 &amp#27;[39mDEBUG&amp#27;[0;39m &amp#27;[35m2138&amp#27;[0;39m --- [ main ] &amp#27;[36mo.s.b.f.s.DefaultListableBeanFactory&amp#27;[0;39m : Creating shared instance of singleton bean 'spring.jackson-org.springframework.boot.autoconfigure.jackson.JacksonProperties'
17:36:30.285 &amp#27;[39mDEBUG&amp#27;[0;39m &amp#27;[35m2144&amp#27;[0;39m --- [ main ] &amp#27;[36mo.s.b.f.s.DefaultListableBeanFactory&amp#27;[0;39m : Autowiring by type from bean name 'standardJacksonObjectMapperBuilderCustomizer' via factory method to bean named 'spring.jackson-org.springframework.boot.autoconfigure.jackson.JacksonProperties'
17:36:30.286 &amp#27;[39mDEBUG&amp#27;[0;39m &amp#27;[35m2145&amp#27;[0;39m --- [ main ] &amp#27;[36mo.s.b.f.s.DefaultListableBeanFactory&amp#27;[0;39m : Creating shared instance of singleton bean 'parameterNamesModule'
17:36:30.286 &amp#27;[39mDEBUG&amp#27;[0;39m &amp#27;[35m2145&amp#27;[0;39m --- [ main ] &amp#27;[36mo.s.b.f.s.DefaultListableBeanFactory&amp#27;[0;39m : Creating shared instance of singleton bean 'org.springframework.boot.autoconfigure.jackson.JacksonAutoConfiguration$ParameterNamesModuleConfiguration'
17:36:30.292 &amp#27;[39mDEBUG&amp#27;[0;39m &amp#27;[35m2151&amp#27;[0;39m --- [ main ] &amp#27;[36mo.s.b.f.s.DefaultListableBeanFactory&amp#27;[0;39m : Creating shared instance of singleton bean 'jsonMixinModule'
17:36:30.292 &amp#27;[39mDEBUG&amp#27;[0;39m &amp#27;[35m2151&amp#27;[0;39m --- [ main ] &amp#27;[36mo.s.b.f.s.DefaultListableBeanFactory&amp#27;[0;39m : Creating shared instance of singleton bean 'org.springframework.boot.autoconfigure.jackson.JacksonAutoConfiguration$JacksonMixinConfiguration'
17:36:30.293 &amp#27;[39mDEBUG&amp#27;[0;39m &amp#27;[35m2152&amp#27;[0;39m --- [ main ] &amp#27;[36mo.s.b.f.s.DefaultListableBeanFactory&amp#27;[0;39m : Creating shared instance of singleton bean 'jsonMixinModuleEntries'
17:36:30.294 &amp#27;[39mDEBUG&amp#27;[0;39m &amp#27;[35m2153&amp#27;[0;39m --- [ main ] &amp#27;[36mo.s.b.f.s.DefaultListableBeanFactory&amp#27;[0;39m : Autowiring by type from bean name 'jsonMixinModuleEntries' via factory method to bean named 'org.springframework.web.context.support.GenericWebApplicationContext@41477a6d'
17:36:30.299 &amp#27;[39mDEBUG&amp#27;[0;39m &amp#27;[35m2158&amp#27;[0;39m --- [ main ] &amp#27;[36mo.s.b.f.s.DefaultListableBeanFactory&amp#27;[0;39m : Autowiring by type from bean name 'jsonMixinModule' via factory method to bean named 'org.springframework.web.context.support.GenericWebApplicationContext@41477a6d'
17:36:30.299 &amp#27;[39mDEBUG&amp#27;[0;39m &amp#27;[35m2158&amp#27;[0;39m --- [ main ] &amp#27;[36mo.s.b.f.s.DefaultListableBeanFactory&amp#27;[0;39m : Autowiring by type from bean name 'jsonMixinModule' via factory method to bean named 'jsonMixinModuleEntries'
17:36:30.302 &amp#27;[39mDEBUG&amp#27;[0;39m &amp#27;[35m2161&amp#27;[0;39m --- [ main ] &amp#27;[36mo.s.b.f.s.DefaultListableBeanFactory&amp#27;[0;39m : Creating shared instance of singleton bean 'jsonComponentModule'
17:36:30.302 &amp#27;[39mDEBUG&amp#27;[0;39m &amp#27;[35m2161&amp#27;[0;39m --- [ main ] &amp#27;[36mo.s.b.f.s.DefaultListableBeanFactory&amp#27;[0;39m : Creating shared instance of singleton bean 'org.springframework.boot.autoconfigure.jackson.JacksonAutoConfiguration'
17:36:30.309 &amp#27;[39mDEBUG&amp#27;[0;39m &amp#27;[35m2168&amp#27;[0;39m --- [ main ] &amp#27;[36mo.s.b.f.s.DefaultListableBeanFactory&amp#27;[0;39m : Autowiring by type from bean name 'jacksonObjectMapperBuilder' via factory method to bean named 'org.springframework.web.context.support.GenericWebApplicationContext@41477a6d'
17:36:30.309 &amp#27;[39mDEBUG&amp#27;[0;39m &amp#27;[35m2168&amp#27;[0;39m --- [ main ] &amp#27;[36mo.s.b.f.s.DefaultListableBeanFactory&amp#27;[0;39m : Autowiring by type from bean name 'jacksonObjectMapperBuilder' via factory method to bean named 'standardJacksonObjectMapperBuilderCustomizer'
17:36:30.312 &amp#27;[39mDEBUG&amp#27;[0;39m &amp#27;[35m2171&amp#27;[0;39m --- [ main ] &amp#27;[36mo.s.b.f.s.DefaultListableBeanFactory&amp#27;[0;39m : Autowiring by type from bean name 'jacksonObjectMapper' via factory method to bean named 'jacksonObjectMapperBuilder'
17:36:30.327 &amp#27;[39mDEBUG&amp#27;[0;39m &amp#27;[35m2186&amp#27;[0;39m --- [ main ] &amp#27;[36mo.s.b.f.s.DefaultListableBeanFactory&amp#27;[0;39m : Autowiring by type from bean name 'mappingJackson2HttpMessageConverter' via factory method to bean named 'jacksonObjectMapper'
17:36:30.340 &amp#27;[39mDEBUG&amp#27;[0;39m &amp#27;[35m2199&amp#27;[0;39m --- [ main ] &amp#27;[36mo.s.b.f.s.DefaultListableBeanFactory&amp#27;[0;39m : Creating shared instance of singleton bean 'resourceHandlerMapping'
17:36:30.341 &amp#27;[39mDEBUG&amp#27;[0;39m &amp#27;[35m2200&amp#27;[0;39m --- [ main ] &amp#27;[36mo.s.b.f.s.DefaultListableBeanFactory&amp#27;[0;39m : Autowiring by type from bean name 'resourceHandlerMapping' via factory method to bean named 'mvcContentNegotiationManager'
17:36:30.341 &amp#27;[39mDEBUG&amp#27;[0;39m &amp#27;[35m2200&amp#27;[0;39m --- [ main ] &amp#27;[36mo.s.b.f.s.DefaultListableBeanFactory&amp#27;[0;39m : Autowiring by type from bean name 'resourceHandlerMapping' via factory method to bean named 'mvcConversionService'
17:36:30.341 &amp#27;[39mDEBUG&amp#27;[0;39m &amp#27;[35m2200&amp#27;[0;39m --- [ main ] &amp#27;[36mo.s.b.f.s.DefaultListableBeanFactory&amp#27;[0;39m : Autowiring by type from bean name 'resourceHandlerMapping' via factory method to bean named 'mvcResourceUrlProvider'
17:36:30.399 &amp#27;[39mDEBUG&amp#27;[0;39m &amp#27;[35m2258&amp#27;[0;39m --- [ main ] &amp#27;[36mo.s.w.s.handler.SimpleUrlHandlerMapping&amp#27;[0;39m : Patterns [/webjars/**, /**] in 'resourceHandlerMapping'
17:36:30.401 &amp#27;[39mDEBUG&amp#27;[0;39m &amp#27;[35m2260&amp#27;[0;39m --- [ main ] &amp#27;[36mo.s.b.f.s.DefaultListableBeanFactory&amp#27;[0;39m : Creating shared instance of singleton bean 'defaultServletHandlerMapping'
17:36:30.401 &amp#27;[39mDEBUG&amp#27;[0;39m &amp#27;[35m2260&amp#27;[0;39m --- [ main ] &amp#27;[36mo.s.b.f.s.DefaultListableBeanFactory&amp#27;[0;39m : Creating shared instance of singleton bean 'requestMappingHandlerAdapter'
17:36:30.402 &amp#27;[39mDEBUG&amp#27;[0;39m &amp#27;[35m2261&amp#27;[0;39m --- [ main ] &amp#27;[36mo.s.b.f.s.DefaultListableBeanFactory&amp#27;[0;39m : Autowiring by type from bean name 'requestMappingHandlerAdapter' via factory method to bean named 'mvcContentNegotiationManager'
17:36:30.402 &amp#27;[39mDEBUG&amp#27;[0;39m &amp#27;[35m2261&amp#27;[0;39m --- [ main ] &amp#27;[36mo.s.b.f.s.DefaultListableBeanFactory&amp#27;[0;39m : Autowiring by type from bean name 'requestMappingHandlerAdapter' via factory method to bean named 'mvcConversionService'
17:36:30.402 &amp#27;[39mDEBUG&amp#27;[0;39m &amp#27;[35m2261&amp#27;[0;39m --- [ main ] &amp#27;[36mo.s.b.f.s.DefaultListableBeanFactory&amp#27;[0;39m : Autowiring by type from bean name 'requestMappingHandlerAdapter' via factory method to bean named 'mvcValidator'
17:36:30.415 &amp#27;[39mDEBUG&amp#27;[0;39m &amp#27;[35m2274&amp#27;[0;39m --- [ main ] &amp#27;[36mo.s.b.f.s.DefaultListableBeanFactory&amp#27;[0;39m : Creating shared instance of singleton bean 'applicationTaskExecutor'
17:36:30.416 &amp#27;[39mDEBUG&amp#27;[0;39m &amp#27;[35m2275&amp#27;[0;39m --- [ main ] &amp#27;[36mo.s.b.f.s.DefaultListableBeanFactory&amp#27;[0;39m : Autowiring by type from bean name 'applicationTaskExecutor' via factory method to bean named 'threadPoolTaskExecutorBuilder'
17:36:30.422 &amp#27;[39mDEBUG&amp#27;[0;39m &amp#27;[35m2281&amp#27;[0;39m --- [ main ] &amp#27;[36mo.s.s.concurrent.ThreadPoolTaskExecutor&amp#27;[0;39m : Initializing ExecutorService 'applicationTaskExecutor'
17:36:30.438 &amp#27;[39mDEBUG&amp#27;[0;39m &amp#27;[35m2297&amp#27;[0;39m --- [ main ] &amp#27;[36mo.s.w.s.m.m.a.RequestMappingHandlerAdapter&amp#27;[0;39m : ControllerAdvice beans: 0 @ModelAttribute, 0 @InitBinder, 1 RequestBodyAdvice, 1 ResponseBodyAdvice
17:36:30.476 &amp#27;[39mDEBUG&amp#27;[0;39m &amp#27;[35m2335&amp#27;[0;39m --- [ main ] &amp#27;[36mo.s.b.f.s.DefaultListableBeanFactory&amp#27;[0;39m : Creating shared instance of singleton bean 'mvcViewResolver'
17:36:30.477 &amp#27;[39mDEBUG&amp#27;[0;39m &amp#27;[35m2336&amp#27;[0;39m --- [ main ] &amp#27;[36mo.s.b.f.s.DefaultListableBeanFactory&amp#27;[0;39m : Autowiring by type from bean name 'mvcViewResolver' via factory method to bean named 'mvcContentNegotiationManager'
17:36:30.481 &amp#27;[39mDEBUG&amp#27;[0;39m &amp#27;[35m2340&amp#27;[0;39m --- [ main ] &amp#27;[36mo.s.b.f.s.DefaultListableBeanFactory&amp#27;[0;39m : Creating shared instance of singleton bean 'defaultViewResolver'
17:36:30.490 &amp#27;[39mDEBUG&amp#27;[0;39m &amp#27;[35m2349&amp#27;[0;39m --- [ main ] &amp#27;[36mo.s.b.f.s.DefaultListableBeanFactory&amp#27;[0;39m : Creating shared instance of singleton bean 'viewResolver'
17:36:30.491 &amp#27;[39mDEBUG&amp#27;[0;39m &amp#27;[35m2350&amp#27;[0;39m --- [ main ] &amp#27;[36mo.s.b.f.s.DefaultListableBeanFactory&amp#27;[0;39m : Autowiring by type from bean name 'viewResolver' via factory method to bean named 'org.springframework.beans.factory.support.DefaultListableBeanFactory@5c645b43'
17:36:30.494 &amp#27;[39mDEBUG&amp#27;[0;39m &amp#27;[35m2353&amp#27;[0;39m --- [ main ] &amp#27;[36mo.s.b.f.s.DefaultListableBeanFactory&amp#27;[0;39m : Creating shared instance of singleton bean 'viewResolver'
17:36:30.496 &amp#27;[39mDEBUG&amp#27;[0;39m &amp#27;[35m2355&amp#27;[0;39m --- [ main ] &amp#27;[36mo.s.b.f.s.DefaultListableBeanFactory&amp#27;[0;39m : Creating shared instance of singleton bean 'thymeleafViewResolver'
17:36:30.496 &amp#27;[39mDEBUG&amp#27;[0;39m &amp#27;[35m2355&amp#27;[0;39m --- [ main ] &amp#27;[36mo.s.b.f.s.DefaultListableBeanFactory&amp#27;[0;39m : Creating shared instance of singleton bean 'org.springframework.boot.autoconfigure.thymeleaf.ThymeleafAutoConfiguration$ThymeleafWebMvcConfiguration$ThymeleafViewResolverConfiguration'
17:36:30.497 &amp#27;[39mDEBUG&amp#27;[0;39m &amp#27;[35m2356&amp#27;[0;39m --- [ main ] &amp#27;[36mo.s.b.f.s.DefaultListableBeanFactory&amp#27;[0;39m : Creating shared instance of singleton bean 'spring.thymeleaf-org.springframework.boot.autoconfigure.thymeleaf.ThymeleafProperties'
17:36:30.502 &amp#27;[39mDEBUG&amp#27;[0;39m &amp#27;[35m2361&amp#27;[0;39m --- [ main ] &amp#27;[36mo.s.b.f.s.DefaultListableBeanFactory&amp#27;[0;39m : Creating shared instance of singleton bean 'templateEngine'
17:36:30.503 &amp#27;[39mDEBUG&amp#27;[0;39m &amp#27;[35m2362&amp#27;[0;39m --- [ main ] &amp#27;[36mo.s.b.f.s.DefaultListableBeanFactory&amp#27;[0;39m : Creating shared instance of singleton bean 'org.springframework.boot.autoconfigure.thymeleaf.TemplateEngineConfigurations$DefaultTemplateEngineConfiguration'
17:36:30.504 &amp#27;[39mDEBUG&amp#27;[0;39m &amp#27;[35m2363&amp#27;[0;39m --- [ main ] &amp#27;[36mo.s.b.f.s.DefaultListableBeanFactory&amp#27;[0;39m : Autowiring by type from bean name 'templateEngine' via factory method to bean named 'spring.thymeleaf-org.springframework.boot.autoconfigure.thymeleaf.ThymeleafProperties'
17:36:30.522 &amp#27;[39mDEBUG&amp#27;[0;39m &amp#27;[35m2381&amp#27;[0;39m --- [ main ] &amp#27;[36mo.s.b.f.s.DefaultListableBeanFactory&amp#27;[0;39m : Creating shared instance of singleton bean 'defaultTemplateResolver'
17:36:30.522 &amp#27;[39mDEBUG&amp#27;[0;39m &amp#27;[35m2381&amp#27;[0;39m --- [ main ] &amp#27;[36mo.s.b.f.s.DefaultListableBeanFactory&amp#27;[0;39m : Creating shared instance of singleton bean 'org.springframework.boot.autoconfigure.thymeleaf.ThymeleafAutoConfiguration$DefaultTemplateResolverConfiguration'
17:36:30.522 &amp#27;[39mDEBUG&amp#27;[0;39m &amp#27;[35m2381&amp#27;[0;39m --- [ main ] &amp#27;[36mo.s.b.f.s.DefaultListableBeanFactory&amp#27;[0;39m : Autowiring by type from bean name 'org.springframework.boot.autoconfigure.thymeleaf.ThymeleafAutoConfiguration$DefaultTemplateResolverConfiguration' via constructor to bean named 'spring.thymeleaf-org.springframework.boot.autoconfigure.thymeleaf.ThymeleafProperties'
17:36:30.522 &amp#27;[39mDEBUG&amp#27;[0;39m &amp#27;[35m2381&amp#27;[0;39m --- [ main ] &amp#27;[36mo.s.b.f.s.DefaultListableBeanFactory&amp#27;[0;39m : Autowiring by type from bean name 'org.springframework.boot.autoconfigure.thymeleaf.ThymeleafAutoConfiguration$DefaultTemplateResolverConfiguration' via constructor to bean named 'org.springframework.web.context.support.GenericWebApplicationContext@41477a6d'
17:36:30.523 &amp#27;[31mWARN &amp#27;[0;39m &amp#27;[35m2382&amp#27;[0;39m --- [ main ] &amp#27;[36mo.s.b.a.t.ThymeleafAutoConfiguration$DefaultTemplateResolverConfiguration&amp#27;[0;39m : Cannot find template location: classpath:/templates/ (please add some templates, check your Thymeleaf configuration, or set spring.thymeleaf.check-template-location=false)
17:36:30.528 &amp#27;[39mDEBUG&amp#27;[0;39m &amp#27;[35m2387&amp#27;[0;39m --- [ main ] &amp#27;[36mo.s.b.f.s.DefaultListableBeanFactory&amp#27;[0;39m : Creating shared instance of singleton bean 'securityDialect'
17:36:30.528 &amp#27;[39mDEBUG&amp#27;[0;39m &amp#27;[35m2387&amp#27;[0;39m --- [ main ] &amp#27;[36mo.s.b.f.s.DefaultListableBeanFactory&amp#27;[0;39m : Creating shared instance of singleton bean 'org.springframework.boot.autoconfigure.thymeleaf.ThymeleafAutoConfiguration$ThymeleafSecurityDialectConfiguration'
17:36:30.536 &amp#27;[39mDEBUG&amp#27;[0;39m &amp#27;[35m2395&amp#27;[0;39m --- [ main ] &amp#27;[36mo.s.b.f.s.DefaultListableBeanFactory&amp#27;[0;39m : Autowiring by type from bean name 'thymeleafViewResolver' via factory method to bean named 'spring.thymeleaf-org.springframework.boot.autoconfigure.thymeleaf.ThymeleafProperties'
17:36:30.537 &amp#27;[39mDEBUG&amp#27;[0;39m &amp#27;[35m2396&amp#27;[0;39m --- [ main ] &amp#27;[36mo.s.b.f.s.DefaultListableBeanFactory&amp#27;[0;39m : Autowiring by type from bean name 'thymeleafViewResolver' via factory method to bean named 'templateEngine'
17:36:30.549 &amp#27;[39mDEBUG&amp#27;[0;39m &amp#27;[35m2408&amp#27;[0;39m --- [ main ] &amp#27;[36mo.s.b.f.s.DefaultListableBeanFactory&amp#27;[0;39m : Creating shared instance of singleton bean 'handlerFunctionAdapter'
17:36:30.552 &amp#27;[39mDEBUG&amp#27;[0;39m &amp#27;[35m2411&amp#27;[0;39m --- [ main ] &amp#27;[36mo.s.b.f.s.DefaultListableBeanFactory&amp#27;[0;39m : Creating shared instance of singleton bean 'mvcUriComponentsContributor'
17:36:30.553 &amp#27;[39mDEBUG&amp#27;[0;39m &amp#27;[35m2412&amp#27;[0;39m --- [ main ] &amp#27;[36mo.s.b.f.s.DefaultListableBeanFactory&amp#27;[0;39m : Autowiring by type from bean name 'mvcUriComponentsContributor' via factory method to bean named 'mvcConversionService'
17:36:30.553 &amp#27;[39mDEBUG&amp#27;[0;39m &amp#27;[35m2412&amp#27;[0;39m --- [ main ] &amp#27;[36mo.s.b.f.s.DefaultListableBeanFactory&amp#27;[0;39m : Autowiring by type from bean name 'mvcUriComponentsContributor' via factory method to bean named 'requestMappingHandlerAdapter'
17:36:30.555 &amp#27;[39mDEBUG&amp#27;[0;39m &amp#27;[35m2414&amp#27;[0;39m --- [ main ] &amp#27;[36mo.s.b.f.s.DefaultListableBeanFactory&amp#27;[0;39m : Creating shared instance of singleton bean 'httpRequestHandlerAdapter'
17:36:30.556 &amp#27;[39mDEBUG&amp#27;[0;39m &amp#27;[35m2415&amp#27;[0;39m --- [ main ] &amp#27;[36mo.s.b.f.s.DefaultListableBeanFactory&amp#27;[0;39m : Creating shared instance of singleton bean 'simpleControllerHandlerAdapter'
17:36:30.557 &amp#27;[39mDEBUG&amp#27;[0;39m &amp#27;[35m2416&amp#27;[0;39m --- [ main ] &amp#27;[36mo.s.b.f.s.DefaultListableBeanFactory&amp#27;[0;39m : Creating shared instance of singleton bean 'handlerExceptionResolver'
17:36:30.557 &amp#27;[39mDEBUG&amp#27;[0;39m &amp#27;[35m2416&amp#27;[0;39m --- [ main ] &amp#27;[36mo.s.b.f.s.DefaultListableBeanFactory&amp#27;[0;39m : Autowiring by type from bean name 'handlerExceptionResolver' via factory method to bean named 'mvcContentNegotiationManager'
17:36:30.560 &amp#27;[39mDEBUG&amp#27;[0;39m &amp#27;[35m2419&amp#27;[0;39m --- [ main ] &amp#27;[36mo.s.w.s.m.m.a.ExceptionHandlerExceptionResolver&amp#27;[0;39m : ControllerAdvice beans: 0 @ExceptionHandler, 1 ResponseBodyAdvice
17:36:30.564 &amp#27;[39mDEBUG&amp#27;[0;39m &amp#27;[35m2423&amp#27;[0;39m --- [ main ] &amp#27;[36mo.s.b.f.s.DefaultListableBeanFactory&amp#27;[0;39m : Creating shared instance of singleton bean 'requestContextFilter'
17:36:30.567 &amp#27;[39mDEBUG&amp#27;[0;39m &amp#27;[35m2426&amp#27;[0;39m --- [ main ] &amp#27;[36mo.s.b.f.s.DefaultListableBeanFactory&amp#27;[0;39m : Creating shared instance of singleton bean 'org.springframework.boot.autoconfigure.web.servlet.WebMvcAutoConfiguration'
17:36:30.568 &amp#27;[39mDEBUG&amp#27;[0;39m &amp#27;[35m2427&amp#27;[0;39m --- [ main ] &amp#27;[36mo.s.b.f.s.DefaultListableBeanFactory&amp#27;[0;39m : Creating shared instance of singleton bean 'formContentFilter'
17:36:30.569 &amp#27;[39mDEBUG&amp#27;[0;39m &amp#27;[35m2428&amp#27;[0;39m --- [ main ] &amp#27;[36mo.s.b.f.s.DefaultListableBeanFactory&amp#27;[0;39m : Creating shared instance of singleton bean 'org.mybatis.spring.boot.autoconfigure.MybatisLanguageDriverAutoConfiguration'
17:36:30.570 &amp#27;[39mDEBUG&amp#27;[0;39m &amp#27;[35m2429&amp#27;[0;39m --- [ main ] &amp#27;[36mo.s.b.f.s.DefaultListableBeanFactory&amp#27;[0;39m : Creating shared instance of singleton bean 'org.springframework.boot.autoconfigure.jdbc.DataSourceConfiguration$Hikari'
17:36:30.571 &amp#27;[39mDEBUG&amp#27;[0;39m &amp#27;[35m2430&amp#27;[0;39m --- [ main ] &amp#27;[36mo.s.b.f.s.DefaultListableBeanFactory&amp#27;[0;39m : Creating shared instance of singleton bean 'dataSource'
17:36:30.571 &amp#27;[39mDEBUG&amp#27;[0;39m &amp#27;[35m2430&amp#27;[0;39m --- [ main ] &amp#27;[36mo.s.b.f.s.DefaultListableBeanFactory&amp#27;[0;39m : Creating shared instance of singleton bean 'spring.datasource-org.springframework.boot.autoconfigure.jdbc.DataSourceProperties'
17:36:30.578 &amp#27;[39mDEBUG&amp#27;[0;39m &amp#27;[35m2437&amp#27;[0;39m --- [ main ] &amp#27;[36mo.s.b.f.s.DefaultListableBeanFactory&amp#27;[0;39m : Creating shared instance of singleton bean 'jdbcConnectionDetails'
17:36:30.578 &amp#27;[39mDEBUG&amp#27;[0;39m &amp#27;[35m2437&amp#27;[0;39m --- [ main ] &amp#27;[36mo.s.b.f.s.DefaultListableBeanFactory&amp#27;[0;39m : Creating shared instance of singleton bean 'org.springframework.boot.autoconfigure.jdbc.DataSourceAutoConfiguration$PooledDataSourceConfiguration'
17:36:30.579 &amp#27;[39mDEBUG&amp#27;[0;39m &amp#27;[35m2438&amp#27;[0;39m --- [ main ] &amp#27;[36mo.s.b.f.s.DefaultListableBeanFactory&amp#27;[0;39m : Autowiring by type from bean name 'jdbcConnectionDetails' via factory method to bean named 'spring.datasource-org.springframework.boot.autoconfigure.jdbc.DataSourceProperties'
17:36:30.580 &amp#27;[39mDEBUG&amp#27;[0;39m &amp#27;[35m2439&amp#27;[0;39m --- [ main ] &amp#27;[36mo.s.b.f.s.DefaultListableBeanFactory&amp#27;[0;39m : Autowiring by type from bean name 'dataSource' via factory method to bean named 'spring.datasource-org.springframework.boot.autoconfigure.jdbc.DataSourceProperties'
17:36:30.580 &amp#27;[39mDEBUG&amp#27;[0;39m &amp#27;[35m2439&amp#27;[0;39m --- [ main ] &amp#27;[36mo.s.b.f.s.DefaultListableBeanFactory&amp#27;[0;39m : Autowiring by type from bean name 'dataSource' via factory method to bean named 'jdbcConnectionDetails'
17:36:30.679 &amp#27;[39mDEBUG&amp#27;[0;39m &amp#27;[35m2538&amp#27;[0;39m --- [ main ] &amp#27;[36mo.s.b.f.s.DefaultListableBeanFactory&amp#27;[0;39m : Creating shared instance of singleton bean 'org.springframework.boot.autoconfigure.jdbc.metadata.DataSourcePoolMetadataProvidersConfiguration$HikariPoolDataSourceMetadataProviderConfiguration'
17:36:30.680 &amp#27;[39mDEBUG&amp#27;[0;39m &amp#27;[35m2539&amp#27;[0;39m --- [ main ] &amp#27;[36mo.s.b.f.s.DefaultListableBeanFactory&amp#27;[0;39m : Creating shared instance of singleton bean 'hikariPoolDataSourceMetadataProvider'
17:36:30.681 &amp#27;[39mDEBUG&amp#27;[0;39m &amp#27;[35m2540&amp#27;[0;39m --- [ main ] &amp#27;[36mo.s.b.f.s.DefaultListableBeanFactory&amp#27;[0;39m : Creating shared instance of singleton bean 'org.springframework.boot.autoconfigure.jdbc.metadata.DataSourcePoolMetadataProvidersConfiguration'
17:36:30.682 &amp#27;[39mDEBUG&amp#27;[0;39m &amp#27;[35m2541&amp#27;[0;39m --- [ main ] &amp#27;[36mo.s.b.f.s.DefaultListableBeanFactory&amp#27;[0;39m : Creating shared instance of singleton bean 'org.springframework.boot.autoconfigure.jdbc.DataSourceAutoConfiguration'
17:36:30.682 &amp#27;[39mDEBUG&amp#27;[0;39m &amp#27;[35m2541&amp#27;[0;39m --- [ main ] &amp#27;[36mo.s.b.f.s.DefaultListableBeanFactory&amp#27;[0;39m : Creating shared instance of singleton bean 'org.mybatis.spring.boot.autoconfigure.MybatisAutoConfiguration$MapperScannerRegistrarNotFoundConfiguration'
17:36:30.683 &amp#27;[39mDEBUG&amp#27;[0;39m &amp#27;[35m2542&amp#27;[0;39m --- [ main ] &amp#27;[36mo.s.b.f.s.DefaultListableBeanFactory&amp#27;[0;39m : Creating shared instance of singleton bean 'org.mybatis.spring.boot.autoconfigure.MybatisAutoConfiguration'
17:36:30.684 &amp#27;[39mDEBUG&amp#27;[0;39m &amp#27;[35m2543&amp#27;[0;39m --- [ main ] &amp#27;[36mo.s.b.f.s.DefaultListableBeanFactory&amp#27;[0;39m : Creating shared instance of singleton bean 'mybatis-org.mybatis.spring.boot.autoconfigure.MybatisProperties'
17:36:30.689 &amp#27;[39mDEBUG&amp#27;[0;39m &amp#27;[35m2548&amp#27;[0;39m --- [ main ] &amp#27;[36mo.s.b.f.s.DefaultListableBeanFactory&amp#27;[0;39m : Autowiring by type from bean name 'org.mybatis.spring.boot.autoconfigure.MybatisAutoConfiguration' via constructor to bean named 'mybatis-org.mybatis.spring.boot.autoconfigure.MybatisProperties'
17:36:30.689 &amp#27;[39mDEBUG&amp#27;[0;39m &amp#27;[35m2548&amp#27;[0;39m --- [ main ] &amp#27;[36mo.s.b.f.s.DefaultListableBeanFactory&amp#27;[0;39m : Autowiring by type from bean name 'org.mybatis.spring.boot.autoconfigure.MybatisAutoConfiguration' via constructor to bean named 'org.springframework.web.context.support.GenericWebApplicationContext@41477a6d'
17:36:30.693 &amp#27;[39mDEBUG&amp#27;[0;39m &amp#27;[35m2552&amp#27;[0;39m --- [ main ] &amp#27;[36mo.s.b.f.s.DefaultListableBeanFactory&amp#27;[0;39m : Creating shared instance of singleton bean 'sqlSessionFactory'
17:36:30.693 &amp#27;[39mDEBUG&amp#27;[0;39m &amp#27;[35m2552&amp#27;[0;39m --- [ main ] &amp#27;[36mo.s.b.f.s.DefaultListableBeanFactory&amp#27;[0;39m : Autowiring by type from bean name 'sqlSessionFactory' via factory method to bean named 'dataSource'
17:36:30.767 &amp#27;[39mDEBUG&amp#27;[0;39m &amp#27;[35m2626&amp#27;[0;39m --- [ main ] &amp#27;[36mo.s.b.f.s.DefaultListableBeanFactory&amp#27;[0;39m : Creating shared instance of singleton bean 'dataSourceScriptDatabaseInitializer'
17:36:30.768 &amp#27;[39mDEBUG&amp#27;[0;39m &amp#27;[35m2627&amp#27;[0;39m --- [ main ] &amp#27;[36mo.s.b.f.s.DefaultListableBeanFactory&amp#27;[0;39m : Creating shared instance of singleton bean 'org.springframework.boot.autoconfigure.sql.init.DataSourceInitializationConfiguration'
17:36:30.769 &amp#27;[39mDEBUG&amp#27;[0;39m &amp#27;[35m2628&amp#27;[0;39m --- [ main ] &amp#27;[36mo.s.b.f.s.DefaultListableBeanFactory&amp#27;[0;39m : Creating shared instance of singleton bean 'spring.sql.init-org.springframework.boot.autoconfigure.sql.init.SqlInitializationProperties'
17:36:30.771 &amp#27;[39mDEBUG&amp#27;[0;39m &amp#27;[35m2630&amp#27;[0;39m --- [ main ] &amp#27;[36mo.s.b.f.s.DefaultListableBeanFactory&amp#27;[0;39m : Autowiring by type from bean name 'dataSourceScriptDatabaseInitializer' via factory method to bean named 'dataSource'
17:36:30.771 &amp#27;[39mDEBUG&amp#27;[0;39m &amp#27;[35m2630&amp#27;[0;39m --- [ main ] &amp#27;[36mo.s.b.f.s.DefaultListableBeanFactory&amp#27;[0;39m : Autowiring by type from bean name 'dataSourceScriptDatabaseInitializer' via factory method to bean named 'spring.sql.init-org.springframework.boot.autoconfigure.sql.init.SqlInitializationProperties'
17:36:30.777 &amp#27;[39mDEBUG&amp#27;[0;39m &amp#27;[35m2636&amp#27;[0;39m --- [ main ] &amp#27;[36mo.s.b.f.s.DefaultListableBeanFactory&amp#27;[0;39m : Creating shared instance of singleton bean 'sqlSessionTemplate'
17:36:30.777 &amp#27;[39mDEBUG&amp#27;[0;39m &amp#27;[35m2636&amp#27;[0;39m --- [ main ] &amp#27;[36mo.s.b.f.s.DefaultListableBeanFactory&amp#27;[0;39m : Autowiring by type from bean name 'sqlSessionTemplate' via factory method to bean named 'sqlSessionFactory'
17:36:30.782 &amp#27;[39mDEBUG&amp#27;[0;39m &amp#27;[35m2641&amp#27;[0;39m --- [ main ] &amp#27;[36mo.s.b.f.s.DefaultListableBeanFactory&amp#27;[0;39m : Creating shared instance of singleton bean 'org.springframework.boot.autoconfigure.aop.AopAutoConfiguration$ClassProxyingConfiguration'
17:36:30.783 &amp#27;[39mDEBUG&amp#27;[0;39m &amp#27;[35m2642&amp#27;[0;39m --- [ main ] &amp#27;[36mo.s.b.f.s.DefaultListableBeanFactory&amp#27;[0;39m : Creating shared instance of singleton bean 'org.springframework.boot.autoconfigure.aop.AopAutoConfiguration'
17:36:30.783 &amp#27;[39mDEBUG&amp#27;[0;39m &amp#27;[35m2642&amp#27;[0;39m --- [ main ] &amp#27;[36mo.s.b.f.s.DefaultListableBeanFactory&amp#27;[0;39m : Creating shared instance of singleton bean 'org.springframework.boot.autoconfigure.availability.ApplicationAvailabilityAutoConfiguration'
17:36:30.784 &amp#27;[39mDEBUG&amp#27;[0;39m &amp#27;[35m2643&amp#27;[0;39m --- [ main ] &amp#27;[36mo.s.b.f.s.DefaultListableBeanFactory&amp#27;[0;39m : Creating shared instance of singleton bean 'applicationAvailability'
17:36:30.786 &amp#27;[39mDEBUG&amp#27;[0;39m &amp#27;[35m2645&amp#27;[0;39m --- [ main ] &amp#27;[36mo.s.b.f.s.DefaultListableBeanFactory&amp#27;[0;39m : Creating shared instance of singleton bean 'org.springframework.boot.autoconfigure.transaction.TransactionManagerCustomizationAutoConfiguration'
17:36:30.786 &amp#27;[39mDEBUG&amp#27;[0;39m &amp#27;[35m2645&amp#27;[0;39m --- [ main ] &amp#27;[36mo.s.b.f.s.DefaultListableBeanFactory&amp#27;[0;39m : Creating shared instance of singleton bean 'platformTransactionManagerCustomizers'
17:36:30.787 &amp#27;[39mDEBUG&amp#27;[0;39m &amp#27;[35m2646&amp#27;[0;39m --- [ main ] &amp#27;[36mo.s.b.f.s.DefaultListableBeanFactory&amp#27;[0;39m : Creating shared instance of singleton bean 'transactionExecutionListeners'
17:36:30.789 &amp#27;[39mDEBUG&amp#27;[0;39m &amp#27;[35m2648&amp#27;[0;39m --- [ main ] &amp#27;[36mo.s.b.f.s.DefaultListableBeanFactory&amp#27;[0;39m : Creating shared instance of singleton bean 'spring.transaction-org.springframework.boot.autoconfigure.transaction.TransactionProperties'
17:36:30.792 &amp#27;[39mDEBUG&amp#27;[0;39m &amp#27;[35m2651&amp#27;[0;39m --- [ main ] &amp#27;[36mo.s.b.f.s.DefaultListableBeanFactory&amp#27;[0;39m : Creating shared instance of singleton bean 'org.springframework.boot.autoconfigure.context.ConfigurationPropertiesAutoConfiguration'
17:36:30.793 &amp#27;[39mDEBUG&amp#27;[0;39m &amp#27;[35m2652&amp#27;[0;39m --- [ main ] &amp#27;[36mo.s.b.f.s.DefaultListableBeanFactory&amp#27;[0;39m : Creating shared instance of singleton bean 'org.springframework.boot.autoconfigure.context.LifecycleAutoConfiguration'
17:36:30.793 &amp#27;[39mDEBUG&amp#27;[0;39m &amp#27;[35m2652&amp#27;[0;39m --- [ main ] &amp#27;[36mo.s.b.f.s.DefaultListableBeanFactory&amp#27;[0;39m : Creating shared instance of singleton bean 'lifecycleProcessor'
17:36:30.794 &amp#27;[39mDEBUG&amp#27;[0;39m &amp#27;[35m2653&amp#27;[0;39m --- [ main ] &amp#27;[36mo.s.b.f.s.DefaultListableBeanFactory&amp#27;[0;39m : Creating shared instance of singleton bean 'spring.lifecycle-org.springframework.boot.autoconfigure.context.LifecycleProperties'
17:36:30.795 &amp#27;[39mDEBUG&amp#27;[0;39m &amp#27;[35m2654&amp#27;[0;39m --- [ main ] &amp#27;[36mo.s.b.f.s.DefaultListableBeanFactory&amp#27;[0;39m : Autowiring by type from bean name 'lifecycleProcessor' via factory method to bean named 'spring.lifecycle-org.springframework.boot.autoconfigure.context.LifecycleProperties'
17:36:30.797 &amp#27;[39mDEBUG&amp#27;[0;39m &amp#27;[35m2656&amp#27;[0;39m --- [ main ] &amp#27;[36mo.s.b.f.s.DefaultListableBeanFactory&amp#27;[0;39m : Creating shared instance of singleton bean 'org.springframework.boot.autoconfigure.dao.PersistenceExceptionTranslationAutoConfiguration'
17:36:30.797 &amp#27;[39mDEBUG&amp#27;[0;39m &amp#27;[35m2656&amp#27;[0;39m --- [ main ] &amp#27;[36mo.s.b.f.s.DefaultListableBeanFactory&amp#27;[0;39m : Creating shared instance of singleton bean 'org.springframework.boot.autoconfigure.http.JacksonHttpMessageConvertersConfiguration'
17:36:30.798 &amp#27;[39mDEBUG&amp#27;[0;39m &amp#27;[35m2657&amp#27;[0;39m --- [ main ] &amp#27;[36mo.s.b.f.s.DefaultListableBeanFactory&amp#27;[0;39m : Creating shared instance of singleton bean 'org.springframework.boot.autoconfigure.http.client.HttpClientAutoConfiguration'
17:36:30.798 &amp#27;[39mDEBUG&amp#27;[0;39m &amp#27;[35m2657&amp#27;[0;39m --- [ main ] &amp#27;[36mo.s.b.f.s.DefaultListableBeanFactory&amp#27;[0;39m : Creating shared instance of singleton bean 'clientHttpRequestFactoryBuilder'
17:36:30.798 &amp#27;[39mDEBUG&amp#27;[0;39m &amp#27;[35m2657&amp#27;[0;39m --- [ main ] &amp#27;[36mo.s.b.f.s.DefaultListableBeanFactory&amp#27;[0;39m : Creating shared instance of singleton bean 'spring.http.client-org.springframework.boot.autoconfigure.http.client.HttpClientProperties'
17:36:30.800 &amp#27;[39mDEBUG&amp#27;[0;39m &amp#27;[35m2659&amp#27;[0;39m --- [ main ] &amp#27;[36mo.s.b.f.s.DefaultListableBeanFactory&amp#27;[0;39m : Autowiring by type from bean name 'clientHttpRequestFactoryBuilder' via factory method to bean named 'spring.http.client-org.springframework.boot.autoconfigure.http.client.HttpClientProperties'
17:36:30.807 &amp#27;[39mDEBUG&amp#27;[0;39m &amp#27;[35m2666&amp#27;[0;39m --- [ main ] &amp#27;[36mo.s.b.f.s.DefaultListableBeanFactory&amp#27;[0;39m : Creating shared instance of singleton bean 'clientHttpRequestFactorySettings'
17:36:30.807 &amp#27;[39mDEBUG&amp#27;[0;39m &amp#27;[35m2666&amp#27;[0;39m --- [ main ] &amp#27;[36mo.s.b.f.s.DefaultListableBeanFactory&amp#27;[0;39m : Autowiring by type from bean name 'clientHttpRequestFactorySettings' via factory method to bean named 'spring.http.client-org.springframework.boot.autoconfigure.http.client.HttpClientProperties'
17:36:30.808 &amp#27;[39mDEBUG&amp#27;[0;39m &amp#27;[35m2667&amp#27;[0;39m --- [ main ] &amp#27;[36mo.s.b.f.s.DefaultListableBeanFactory&amp#27;[0;39m : Creating shared instance of singleton bean 'org.springframework.boot.autoconfigure.info.ProjectInfoAutoConfiguration'
17:36:30.810 &amp#27;[39mDEBUG&amp#27;[0;39m &amp#27;[35m2669&amp#27;[0;39m --- [ main ] &amp#27;[36mo.s.b.f.s.DefaultListableBeanFactory&amp#27;[0;39m : Creating shared instance of singleton bean 'spring.info-org.springframework.boot.autoconfigure.info.ProjectInfoProperties'
17:36:30.811 &amp#27;[39mDEBUG&amp#27;[0;39m &amp#27;[35m2670&amp#27;[0;39m --- [ main ] &amp#27;[36mo.s.b.f.s.DefaultListableBeanFactory&amp#27;[0;39m : Autowiring by type from bean name 'org.springframework.boot.autoconfigure.info.ProjectInfoAutoConfiguration' via constructor to bean named 'spring.info-org.springframework.boot.autoconfigure.info.ProjectInfoProperties'
17:36:30.812 &amp#27;[39mDEBUG&amp#27;[0;39m &amp#27;[35m2671&amp#27;[0;39m --- [ main ] &amp#27;[36mo.s.b.f.s.DefaultListableBeanFactory&amp#27;[0;39m : Creating shared instance of singleton bean 'org.springframework.boot.autoconfigure.jdbc.JdbcTemplateConfiguration'
17:36:30.812 &amp#27;[39mDEBUG&amp#27;[0;39m &amp#27;[35m2671&amp#27;[0;39m --- [ main ] &amp#27;[36mo.s.b.f.s.DefaultListableBeanFactory&amp#27;[0;39m : Creating shared instance of singleton bean 'jdbcTemplate'
17:36:30.812 &amp#27;[39mDEBUG&amp#27;[0;39m &amp#27;[35m2671&amp#27;[0;39m --- [ main ] &amp#27;[36mo.s.b.f.s.DefaultListableBeanFactory&amp#27;[0;39m : Creating shared instance of singleton bean 'spring.jdbc-org.springframework.boot.autoconfigure.jdbc.JdbcProperties'
17:36:30.813 &amp#27;[39mDEBUG&amp#27;[0;39m &amp#27;[35m2672&amp#27;[0;39m --- [ main ] &amp#27;[36mo.s.b.f.s.DefaultListableBeanFactory&amp#27;[0;39m : Autowiring by type from bean name 'jdbcTemplate' via factory method to bean named 'dataSource'
17:36:30.813 &amp#27;[39mDEBUG&amp#27;[0;39m &amp#27;[35m2672&amp#27;[0;39m --- [ main ] &amp#27;[36mo.s.b.f.s.DefaultListableBeanFactory&amp#27;[0;39m : Autowiring by type from bean name 'jdbcTemplate' via factory method to bean named 'spring.jdbc-org.springframework.boot.autoconfigure.jdbc.JdbcProperties'
17:36:30.822 &amp#27;[39mDEBUG&amp#27;[0;39m &amp#27;[35m2681&amp#27;[0;39m --- [ main ] &amp#27;[36mo.s.b.f.s.DefaultListableBeanFactory&amp#27;[0;39m : Creating shared instance of singleton bean 'org.springframework.boot.autoconfigure.jdbc.NamedParameterJdbcTemplateConfiguration'
17:36:30.822 &amp#27;[39mDEBUG&amp#27;[0;39m &amp#27;[35m2681&amp#27;[0;39m --- [ main ] &amp#27;[36mo.s.b.f.s.DefaultListableBeanFactory&amp#27;[0;39m : Creating shared instance of singleton bean 'namedParameterJdbcTemplate'
17:36:30.822 &amp#27;[39mDEBUG&amp#27;[0;39m &amp#27;[35m2681&amp#27;[0;39m --- [ main ] &amp#27;[36mo.s.b.f.s.DefaultListableBeanFactory&amp#27;[0;39m : Autowiring by type from bean name 'namedParameterJdbcTemplate' via factory method to bean named 'jdbcTemplate'
17:36:30.826 &amp#27;[39mDEBUG&amp#27;[0;39m &amp#27;[35m2685&amp#27;[0;39m --- [ main ] &amp#27;[36mo.s.b.f.s.DefaultListableBeanFactory&amp#27;[0;39m : Creating shared instance of singleton bean 'org.springframework.boot.autoconfigure.jdbc.JdbcTemplateAutoConfiguration'
17:36:30.827 &amp#27;[39mDEBUG&amp#27;[0;39m &amp#27;[35m2686&amp#27;[0;39m --- [ main ] &amp#27;[36mo.s.b.f.s.DefaultListableBeanFactory&amp#27;[0;39m : Creating shared instance of singleton bean 'org.springframework.boot.autoconfigure.jdbc.JdbcClientAutoConfiguration'
17:36:30.827 &amp#27;[39mDEBUG&amp#27;[0;39m &amp#27;[35m2686&amp#27;[0;39m --- [ main ] &amp#27;[36mo.s.b.f.s.DefaultListableBeanFactory&amp#27;[0;39m : Creating shared instance of singleton bean 'jdbcClient'
17:36:30.828 &amp#27;[39mDEBUG&amp#27;[0;39m &amp#27;[35m2687&amp#27;[0;39m --- [ main ] &amp#27;[36mo.s.b.f.s.DefaultListableBeanFactory&amp#27;[0;39m : Autowiring by type from bean name 'jdbcClient' via factory method to bean named 'namedParameterJdbcTemplate'
17:36:30.829 &amp#27;[39mDEBUG&amp#27;[0;39m &amp#27;[35m2688&amp#27;[0;39m --- [ main ] &amp#27;[36mo.s.b.f.s.DefaultListableBeanFactory&amp#27;[0;39m : Creating shared instance of singleton bean 'org.springframework.security.config.annotation.configuration.ObjectPostProcessorConfiguration'
17:36:30.829 &amp#27;[39mDEBUG&amp#27;[0;39m &amp#27;[35m2688&amp#27;[0;39m --- [ main ] &amp#27;[36mo.s.b.f.s.DefaultListableBeanFactory&amp#27;[0;39m : Creating shared instance of singleton bean 'objectPostProcessor'
17:36:30.830 &amp#27;[39mDEBUG&amp#27;[0;39m &amp#27;[35m2689&amp#27;[0;39m --- [ main ] &amp#27;[36mo.s.b.f.s.DefaultListableBeanFactory&amp#27;[0;39m : Autowiring by type from bean name 'objectPostProcessor' via factory method to bean named 'org.springframework.beans.factory.support.DefaultListableBeanFactory@5c645b43'
[...]
      Matched:
         - @ConditionalOnClass found required class 'org.springframework.security.authentication.ReactiveAuthenticationManager' (OnClassCondition)
         - AnyNestedCondition 1 matched 2 did not; NestedCondition on ReactiveUserDetailsServiceAutoConfiguration.MissingAlternativeOrUserPropertiesConfigured.PasswordConfigured @ConditionalOnProperty (spring.security.user.password) did not find property 'password'; NestedCondition on ReactiveUserDetailsServiceAutoConfiguration.MissingAlternativeOrUserPropertiesConfigured.NameConfigured @ConditionalOnProperty (spring.security.user.name) did not find property 'name'; NestedCondition on ReactiveUserDetailsServiceAutoConfiguration.MissingAlternativeOrUserPropertiesConfigured.MissingAlternative @ConditionalOnMissingClass did not find unwanted classes 'org.springframework.security.oauth2.client.registration.ClientRegistrationRepository', 'org.springframework.security.oauth2.server.resource.introspection.ReactiveOpaqueTokenIntrospector' (ReactiveUserDetailsServiceAutoConfiguration.MissingAlternativeOrUserPropertiesConfigured)

   ReactiveWebServerFactoryAutoConfiguration:
      Did not match:
         - @ConditionalOnWebApplication did not find reactive web application classes (OnWebApplicationCondition)

   ReactorAutoConfiguration:
      Did not match:
         - @ConditionalOnClass did not find required class 'reactor.core.publisher.Hooks' (OnClassCondition)

   RedisAutoConfiguration:
      Did not match:
         - @ConditionalOnClass did not find required class 'org.springframework.data.redis.core.RedisOperations' (OnClassCondition)

   RedisCacheConfiguration:
      Did not match:
         - @ConditionalOnClass did not find required class 'org.springframework.data.redis.connection.RedisConnectionFactory' (OnClassCondition)

   RedisReactiveAutoConfiguration:
      Did not match:
         - @ConditionalOnClass did not find required class 'reactor.core.publisher.Flux' (OnClassCondition)

   RedisRepositoriesAutoConfiguration:
      Did not match:
         - @ConditionalOnClass did not find required class 'org.springframework.data.redis.repository.configuration.EnableRedisRepositories' (OnClassCondition)

   RemoteDevToolsAutoConfiguration:
      Did not match:
         - @ConditionalOnProperty (spring.devtools.remote.secret) did not find property 'secret' (OnPropertyCondition)
      Matched:
         - @ConditionalOnClass found required classes 'jakarta.servlet.Filter', 'org.springframework.http.server.ServerHttpRequest' (OnClassCondition)

   RepositoryRestMvcAutoConfiguration:
      Did not match:
         - @ConditionalOnClass did not find required class 'org.springframework.data.rest.webmvc.config.RepositoryRestMvcConfiguration' (OnClassCondition)

   Saml2RelyingPartyAutoConfiguration:
      Did not match:
         - @ConditionalOnClass did not find required class 'org.springframework.security.saml2.provider.service.registration.RelyingPartyRegistrationRepository' (OnClassCondition)

   SecurityDataConfiguration:
      Did not match:
         - @ConditionalOnClass did not find required class 'org.springframework.security.data.repository.query.SecurityEvaluationContextExtension' (OnClassCondition)

   SendGridAutoConfiguration:
      Did not match:
         - @ConditionalOnClass did not find required class 'com.sendgrid.SendGrid' (OnClassCondition)

   ServletWebServerFactoryAutoConfiguration.ForwardedHeaderFilterConfiguration:
      Did not match:
         - @ConditionalOnProperty (server.forward-headers-strategy=framework) did not find property 'server.forward-headers-strategy' (OnPropertyCondition)

   ServletWebServerFactoryConfiguration.EmbeddedJetty:
      Did not match:
         - @ConditionalOnClass did not find required classes 'org.eclipse.jetty.server.Server', 'org.eclipse.jetty.util.Loader', 'org.eclipse.jetty.ee10.webapp.WebAppContext' (OnClassCondition)

   ServletWebServerFactoryConfiguration.EmbeddedUndertow:
      Did not match:
         - @ConditionalOnClass did not find required classes 'io.undertow.Undertow', 'org.xnio.SslClientAuthMode' (OnClassCondition)

   SessionAutoConfiguration:
      Did not match:
         - @ConditionalOnClass did not find required class 'org.springframework.session.Session' (OnClassCondition)

   SpringApplicationAdminJmxAutoConfiguration:
      Did not match:
         - @ConditionalOnProperty (spring.application.admin.enabled=true) did not find property 'enabled' (OnPropertyCondition)

   SpringDataWebAutoConfiguration:
      Did not match:
         - @ConditionalOnClass did not find required class 'org.springframework.data.web.PageableHandlerMethodArgumentResolver' (OnClassCondition)

   TaskExecutorConfigurations.SimpleAsyncTaskExecutorBuilderConfiguration#simpleAsyncTaskExecutorBuilderVirtualThreads:
      Did not match:
         - @ConditionalOnMissingBean (types: org.springframework.boot.task.SimpleAsyncTaskExecutorBuilder; SearchStrategy: all) found beans of type 'org.springframework.boot.task.SimpleAsyncTaskExecutorBuilder' simpleAsyncTaskExecutorBuilder (OnBeanCondition)

   TaskExecutorConfigurations.TaskExecutorConfiguration#applicationTaskExecutorVirtualThreads:
      Did not match:
         - @ConditionalOnThreading did not find VIRTUAL (OnThreadingCondition)

   TaskSchedulingAutoConfiguration#scheduledBeanLazyInitializationExcludeFilter:
      Did not match:
         - @ConditionalOnBean (names: org.springframework.context.annotation.internalScheduledAnnotationProcessor; SearchStrategy: all) did not find any beans named org.springframework.context.annotation.internalScheduledAnnotationProcessor (OnBeanCondition)

   TaskSchedulingConfigurations.SimpleAsyncTaskSchedulerBuilderConfiguration#simpleAsyncTaskSchedulerBuilderVirtualThreads:
      Did not match:
         - @ConditionalOnMissingBean (types: org.springframework.boot.task.SimpleAsyncTaskSchedulerBuilder; SearchStrategy: all) found beans of type 'org.springframework.boot.task.SimpleAsyncTaskSchedulerBuilder' simpleAsyncTaskSchedulerBuilder (OnBeanCondition)

   TaskSchedulingConfigurations.TaskSchedulerConfiguration:
      Did not match:
         - @ConditionalOnBean (names: org.springframework.context.annotation.internalScheduledAnnotationProcessor; SearchStrategy: all) did not find any beans named org.springframework.context.annotation.internalScheduledAnnotationProcessor (OnBeanCondition)

   TemplateEngineConfigurations.ReactiveTemplateEngineConfiguration:
      Did not match:
         - did not find reactive web application classes (OnWebApplicationCondition)

   ThymeleafAutoConfiguration.DataAttributeDialectConfiguration:
      Did not match:
         - @ConditionalOnClass did not find required class 'com.github.mxab.thymeleaf.extras.dataattribute.dialect.DataAttributeDialect' (OnClassCondition)

   ThymeleafAutoConfiguration.ThymeleafWebFluxConfiguration:
      Did not match:
         - did not find reactive web application classes (OnWebApplicationCondition)

   ThymeleafAutoConfiguration.ThymeleafWebLayoutConfiguration:
      Did not match:
         - @ConditionalOnClass did not find required class 'nz.net.ultraq.thymeleaf.layoutdialect.LayoutDialect' (OnClassCondition)

   ThymeleafAutoConfiguration.ThymeleafWebMvcConfiguration#resourceUrlEncodingFilter:
      Did not match:
         - @ConditionalOnEnabledResourceChain did not find class org.webjars.WebJarVersionLocator (OnEnabledResourceChainCondition)

   TransactionAutoConfiguration#transactionalOperator:
      Did not match:
         - @ConditionalOnSingleCandidate (types: org.springframework.transaction.ReactiveTransactionManager; SearchStrategy: all) did not find any beans (OnBeanCondition)

   TransactionAutoConfiguration.AspectJTransactionManagementConfiguration:
      Did not match:
         - @ConditionalOnBean did not find required type 'org.springframework.transaction.aspectj.AbstractTransactionAspect' (OnBeanCondition)
         - @ConditionalOnBean (types: org.springframework.transaction.aspectj.AbstractTransactionAspect; SearchStrategy: all) did not find any beans of type org.springframework.transaction.aspectj.AbstractTransactionAspect (OnBeanCondition)

   TransactionAutoConfiguration.EnableTransactionManagementConfiguration.JdkDynamicAutoProxyConfiguration:
      Did not match:
         - @ConditionalOnProperty (spring.aop.proxy-target-class=false) did not find property 'proxy-target-class' (OnPropertyCondition)

   ValidationAutoConfiguration:
      Did not match:
         - @ConditionalOnClass did not find required class 'jakarta.validation.executable.ExecutableValidator' (OnClassCondition)

   WebClientAutoConfiguration:
      Did not match:
         - @ConditionalOnClass did not find required class 'org.springframework.web.reactive.function.client.WebClient' (OnClassCondition)

   WebFluxAutoConfiguration:
      Did not match:
         - @ConditionalOnClass did not find required class 'org.springframework.web.reactive.config.WebFluxConfigurer' (OnClassCondition)

   WebMvcAutoConfiguration#hiddenHttpMethodFilter:
      Did not match:
         - @ConditionalOnProperty (spring.mvc.hiddenmethod.filter.enabled) did not find property 'enabled' (OnPropertyCondition)

   WebMvcAutoConfiguration.ProblemDetailsErrorHandlingConfiguration:
      Did not match:
         - @ConditionalOnProperty (spring.mvc.problemdetails.enabled=true) did not find property 'enabled' (OnPropertyCondition)

   WebMvcAutoConfiguration.ResourceChainCustomizerConfiguration:
      Did not match:
         - @ConditionalOnEnabledResourceChain did not find class org.webjars.WebJarVersionLocator (OnEnabledResourceChainCondition)

   WebMvcAutoConfiguration.WebMvcAutoConfigurationAdapter#beanNameViewResolver:
      Did not match:
         - @ConditionalOnMissingBean (types: org.springframework.web.servlet.view.BeanNameViewResolver; SearchStrategy: all) found beans of type 'org.springframework.web.servlet.view.BeanNameViewResolver' beanNameViewResolver (OnBeanCondition)

   WebServiceTemplateAutoConfiguration:
      Did not match:
         - @ConditionalOnClass did not find required class 'org.springframework.oxm.Marshaller' (OnClassCondition)

   WebServicesAutoConfiguration:
      Did not match:
         - @ConditionalOnClass did not find required class 'org.springframework.ws.transport.http.MessageDispatcherServlet' (OnClassCondition)

   WebSessionIdResolverAutoConfiguration:
      Did not match:
         - @ConditionalOnClass did not find required class 'reactor.core.publisher.Mono' (OnClassCondition)

   WebSocketMessagingAutoConfiguration:
      Did not match:
         - @ConditionalOnClass did not find required class 'org.springframework.web.socket.config.annotation.WebSocketMessageBrokerConfigurer' (OnClassCondition)

   WebSocketReactiveAutoConfiguration:
      Did not match:
         - @ConditionalOnWebApplication did not find reactive web application classes (OnWebApplicationCondition)

   WebSocketServletAutoConfiguration.JettyWebSocketConfiguration:
      Did not match:
         - @ConditionalOnClass did not find required class 'org.eclipse.jetty.ee10.websocket.jakarta.server.config.JakartaWebSocketServletContainerInitializer' (OnClassCondition)

   WebSocketServletAutoConfiguration.UndertowWebSocketConfiguration:
      Did not match:
         - @ConditionalOnClass did not find required class 'io.undertow.websockets.jsr.Bootstrap' (OnClassCondition)

   XADataSourceAutoConfiguration:
      Did not match:
         - @ConditionalOnClass did not find required class 'jakarta.transaction.TransactionManager' (OnClassCondition)


Exclusions:
-----------

    None


Unconditional classes:
----------------------

    org.springframework.boot.autoconfigure.context.ConfigurationPropertiesAutoConfiguration

    org.springframework.boot.autoconfigure.ssl.SslAutoConfiguration

    org.springframework.boot.autoconfigure.context.LifecycleAutoConfiguration

    org.springframework.boot.autoconfigure.context.PropertyPlaceholderAutoConfiguration

    org.springframework.boot.autoconfigure.availability.ApplicationAvailabilityAutoConfiguration

    org.springframework.boot.autoconfigure.info.ProjectInfoAutoConfiguration



17:36:31.207 &amp#27;[34mINFO &amp#27;[0;39m &amp#27;[35m3066&amp#27;[0;39m --- [ main ] &amp#27;[36mc.o.cocktail.CocktailApplicationTests&amp#27;[0;39m : Started CocktailApplicationTests in 2.617 seconds (process running for 3.614)
17:36:31.211 &amp#27;[39mDEBUG&amp#27;[0;39m &amp#27;[35m3070&amp#27;[0;39m --- [ main ] &amp#27;[36mo.s.b.a.ApplicationAvailabilityBean&amp#27;[0;39m : Application availability state LivenessState changed to CORRECT
17:36:31.220 &amp#27;[39mDEBUG&amp#27;[0;39m &amp#27;[35m3079&amp#27;[0;39m --- [ main ] &amp#27;[36mo.s.boot.devtools.restart.Restarter&amp#27;[0;39m : Creating new Restarter for thread Thread[main,5,main]
17:36:31.220 &amp#27;[39mDEBUG&amp#27;[0;39m &amp#27;[35m3079&amp#27;[0;39m --- [ main ] &amp#27;[36mo.s.b.a.ApplicationAvailabilityBean&amp#27;[0;39m : Application availability state ReadinessState changed to ACCEPTING_TRAFFIC
17:36:31.224 &amp#27;[39mDEBUG&amp#27;[0;39m &amp#27;[35m3083&amp#27;[0;39m --- [ main ] &amp#27;[36morg.springframework.test.context.cache&amp#27;[0;39m : Spring test ApplicationContext cache statistics: [DefaultContextCache@239b98cb size = 1, maxSize = 32, parentContextCount = 0, hitCount = 0, missCount = 1, failureCount = 0]
17:36:31.225 &amp#27;[39mDEBUG&amp#27;[0;39m &amp#27;[35m3084&amp#27;[0;39m --- [ main ] &amp#27;[36mo.s.t.c.web.ServletTestExecutionListener&amp#27;[0;39m : Setting up MockHttpServletRequest, MockHttpServletResponse, ServletWebRequest, and RequestContextHolder for test class com.ontherocks.cocktail.CocktailApplicationTests
17:36:31.247 &amp#27;[39mDEBUG&amp#27;[0;39m &amp#27;[35m3106&amp#27;[0;39m --- [ main ] &amp#27;[36mo.s.t.c.s.DependencyInjectionTestExecutionListener&amp#27;[0;39m : Performing dependency injection for test class com.ontherocks.cocktail.CocktailApplicationTests
17:36:31.249 &amp#27;[39mDEBUG&amp#27;[0;39m &amp#27;[35m3108&amp#27;[0;39m --- [ main ] &amp#27;[36morg.springframework.test.context.cache&amp#27;[0;39m : Spring test ApplicationContext cache statistics: [DefaultContextCache@239b98cb size = 1, maxSize = 32, parentContextCount = 0, hitCount = 1, missCount = 1, failureCount = 0]
17:36:31.253 &amp#27;[39mDEBUG&amp#27;[0;39m &amp#27;[35m3112&amp#27;[0;39m --- [ main ] &amp#27;[36morg.springframework.test.context.cache&amp#27;[0;39m : Spring test ApplicationContext cache statistics: [DefaultContextCache@239b98cb size = 1, maxSize = 32, parentContextCount = 0, hitCount = 2, missCount = 1, failureCount = 0]
17:36:31.261 &amp#27;[39mDEBUG&amp#27;[0;39m &amp#27;[35m3120&amp#27;[0;39m --- [ main ] &amp#27;[36mo.s.t.c.s.DirtiesContextBeforeModesTestExecutionListener&amp#27;[0;39m : Before test method: class [CocktailApplicationTests], method [contextLoads], class annotated with @DirtiesContext [false] with mode [null], method annotated with @DirtiesContext [false] with mode [null]
17:36:31.265 &amp#27;[39mDEBUG&amp#27;[0;39m &amp#27;[35m3124&amp#27;[0;39m --- [ main ] &amp#27;[36morg.springframework.test.context.cache&amp#27;[0;39m : Spring test ApplicationContext cache statistics: [DefaultContextCache@239b98cb size = 1, maxSize = 32, parentContextCount = 0, hitCount = 3, missCount = 1, failureCount = 0]
17:36:31.267 &amp#27;[39mDEBUG&amp#27;[0;39m &amp#27;[35m3126&amp#27;[0;39m --- [ main ] &amp#27;[36morg.springframework.test.context.cache&amp#27;[0;39m : Spring test ApplicationContext cache statistics: [DefaultContextCache@239b98cb size = 1, maxSize = 32, parentContextCount = 0, hitCount = 4, missCount = 1, failureCount = 0]
17:36:32.081 &amp#27;[39mDEBUG&amp#27;[0;39m &amp#27;[35m3940&amp#27;[0;39m --- [ main ] &amp#27;[36morg.springframework.test.context.cache&amp#27;[0;39m : Spring test ApplicationContext cache statistics: [DefaultContextCache@239b98cb size = 1, maxSize = 32, parentContextCount = 0, hitCount = 5, missCount = 1, failureCount = 0]
17:36:32.085 &amp#27;[39mDEBUG&amp#27;[0;39m &amp#27;[35m3944&amp#27;[0;39m --- [ main ] &amp#27;[36morg.springframework.test.context.cache&amp#27;[0;39m : Spring test ApplicationContext cache statistics: [DefaultContextCache@239b98cb size = 1, maxSize = 32, parentContextCount = 0, hitCount = 6, missCount = 1, failureCount = 0]
17:36:32.091 &amp#27;[39mDEBUG&amp#27;[0;39m &amp#27;[35m3950&amp#27;[0;39m --- [ main ] &amp#27;[36morg.springframework.test.context.cache&amp#27;[0;39m : Spring test ApplicationContext cache statistics: [DefaultContextCache@239b98cb size = 1, maxSize = 32, parentContextCount = 0, hitCount = 7, missCount = 1, failureCount = 0]
17:36:32.092 &amp#27;[39mDEBUG&amp#27;[0;39m &amp#27;[35m3951&amp#27;[0;39m --- [ main ] &amp#27;[36morg.springframework.test.context.cache&amp#27;[0;39m : Spring test ApplicationContext cache statistics: [DefaultContextCache@239b98cb size = 1, maxSize = 32, parentContextCount = 0, hitCount = 8, missCount = 1, failureCount = 0]
17:36:32.093 &amp#27;[39mDEBUG&amp#27;[0;39m &amp#27;[35m3952&amp#27;[0;39m --- [ main ] &amp#27;[36morg.springframework.test.context.cache&amp#27;[0;39m : Spring test ApplicationContext cache statistics: [DefaultContextCache@239b98cb size = 1, maxSize = 32, parentContextCount = 0, hitCount = 9, missCount = 1, failureCount = 0]
17:36:32.093 &amp#27;[39mDEBUG&amp#27;[0;39m &amp#27;[35m3952&amp#27;[0;39m --- [ main ] &amp#27;[36morg.springframework.test.context.cache&amp#27;[0;39m : Spring test ApplicationContext cache statistics: [DefaultContextCache@239b98cb size = 1, maxSize = 32, parentContextCount = 0, hitCount = 10, missCount = 1, failureCount = 0]
17:36:32.094 &amp#27;[39mDEBUG&amp#27;[0;39m &amp#27;[35m3953&amp#27;[0;39m --- [ main ] &amp#27;[36morg.springframework.test.context.cache&amp#27;[0;39m : Spring test ApplicationContext cache statistics: [DefaultContextCache@239b98cb size = 1, maxSize = 32, parentContextCount = 0, hitCount = 11, missCount = 1, failureCount = 0]
17:36:32.096 &amp#27;[39mDEBUG&amp#27;[0;39m &amp#27;[35m3955&amp#27;[0;39m --- [ main ] &amp#27;[36morg.springframework.test.context.cache&amp#27;[0;39m : Spring test ApplicationContext cache statistics: [DefaultContextCache@239b98cb size = 1, maxSize = 32, parentContextCount = 0, hitCount = 12, missCount = 1, failureCount = 0]
17:36:32.096 &amp#27;[39mDEBUG&amp#27;[0;39m &amp#27;[35m3955&amp#27;[0;39m --- [ main ] &amp#27;[36morg.springframework.test.context.cache&amp#27;[0;39m : Spring test ApplicationContext cache statistics: [DefaultContextCache@239b98cb size = 1, maxSize = 32, parentContextCount = 0, hitCount = 13, missCount = 1, failureCount = 0]
17:36:32.098 &amp#27;[39mDEBUG&amp#27;[0;39m &amp#27;[35m3957&amp#27;[0;39m --- [ main ] &amp#27;[36morg.springframework.test.context.cache&amp#27;[0;39m : Spring test ApplicationContext cache statistics: [DefaultContextCache@239b98cb size = 1, maxSize = 32, parentContextCount = 0, hitCount = 14, missCount = 1, failureCount = 0]
17:36:32.098 &amp#27;[39mDEBUG&amp#27;[0;39m &amp#27;[35m3957&amp#27;[0;39m --- [ main ] &amp#27;[36mo.s.t.c.s.DirtiesContextTestExecutionListener&amp#27;[0;39m : After test method: class [CocktailApplicationTests], method [contextLoads], class annotated with @DirtiesContext [false] with mode [null], method annotated with @DirtiesContext [false] with mode [null]
17:36:32.098 &amp#27;[39mDEBUG&amp#27;[0;39m &amp#27;[35m3957&amp#27;[0;39m --- [ main ] &amp#27;[36mo.s.t.c.web.ServletTestExecutionListener&amp#27;[0;39m : Resetting RequestContextHolder for test class com.ontherocks.cocktail.CocktailApplicationTests
]]></system-out>
  </testcase>
</testsuite>